2025-02-14 11:39:30.600 | WARNING  | api.api_handler_aeroapi:fetch_aeroapi_scheduled:74 - Error getting next URL: 'NoneType' object is not subscriptable
2025-02-14 11:40:19.195 | WARNING  | api.api_handler_aeroapi:fetch_aeroapi_scheduled:74 - Error getting next URL: 'NoneType' object is not subscriptable
2025-02-14 11:47:50.309 | WARNING  | api.api_handler_aeroapi:fetch_aeroapi_scheduled:74 - Error getting next URL: 'NoneType' object is not subscriptable
2025-02-14 11:50:25.384 | WARNING  | api.api_handler_aeroapi:fetch_aeroapi_scheduled:74 - Error getting next URL: 'NoneType' object is not subscriptable
2025-02-14 11:50:43.685 | ERROR    | database.baserow_manager:get_all_rows_as_dict:232 - No valid registrations found in table 441097
2025-02-14 11:53:35.975 | ERROR    | __main__:run_periodically:175 - Unexpected error: module 'database.baserow_manager' has no attribute 'check_flight'
2025-02-14 11:54:57.561 | WARNING  | api.api_handler_aeroapi:fetch_aeroapi_scheduled:74 - Error getting next URL: 'NoneType' object is not subscriptable
2025-02-14 11:55:24.371 | WARNING  | api.api_handler_aeroapi:fetch_aeroapi_scheduled:74 - Error getting next URL: 'NoneType' object is not subscriptable
2025-02-14 11:56:27.935 | ERROR    | utils.data_processing:check_flight:132 - Error accessing database records: 'SU-BUY'
2025-02-14 12:03:27.525 | WARNING  | api.api_handler_aeroapi:fetch_aeroapi_scheduled:74 - Error getting next URL: 'NoneType' object is not subscriptable
2025-02-14 12:03:51.777 | WARNING  | api.api_handler_aeroapi:fetch_aeroapi_scheduled:74 - Error getting next URL: 'NoneType' object is not subscriptable
2025-02-14 12:14:49.908 | ERROR    | __main__:run_periodically:175 - Unexpected error: module 'database.baserow_manager' has no attribute 'check_flight'
2025-02-14 12:15:49.960 | WARNING  | api.api_handler_aeroapi:fetch_page:34 - Rate limited. Retrying in 20 seconds (attempt 1)
2025-02-14 12:17:14.322 | WARNING  | api.api_handler_aeroapi:fetch_aeroapi_scheduled:74 - Error getting next URL: 'NoneType' object is not subscriptable
2025-02-14 12:17:38.101 | WARNING  | api.api_handler_aeroapi:fetch_aeroapi_scheduled:74 - Error getting next URL: 'NoneType' object is not subscriptable
2025-02-14 12:18:44.799 | ERROR    | __main__:run_periodically:175 - Unexpected error: 'NoneType' object has no attribute 'lower'
2025-02-14 12:20:16.122 | WARNING  | api.api_handler_aeroapi:fetch_aeroapi_scheduled:74 - Error getting next URL: 'NoneType' object is not subscriptable
2025-02-14 12:21:08.766 | WARNING  | api.api_handler_aeroapi:fetch_aeroapi_scheduled:74 - Error getting next URL: 'NoneType' object is not subscriptable
2025-02-14 12:26:14.303 | WARNING  | api.api_handler_aeroapi:fetch_aeroapi_scheduled:74 - No next URL: 'NoneType' object is not subscriptable
2025-02-14 12:26:38.980 | WARNING  | api.api_handler_aeroapi:fetch_aeroapi_scheduled:74 - No next URL: 'NoneType' object is not subscriptable
2025-02-14 12:26:45.804 | ERROR    | __main__:run_periodically:175 - Unexpected error: 'model'
2025-02-14 12:28:08.719 | WARNING  | api.api_handler_aeroapi:fetch_aeroapi_scheduled:74 - No next URL: 'NoneType' object is not subscriptable
2025-02-14 12:28:32.660 | WARNING  | api.api_handler_aeroapi:fetch_aeroapi_scheduled:74 - No next URL: 'NoneType' object is not subscriptable
2025-02-14 12:28:34.128 | ERROR    | __main__:main:96 - Error procesando vuelo 'revisedTime'
2025-02-14 12:28:38.181 | ERROR    | __main__:run_periodically:175 - Unexpected error: 'model'
2025-02-14 12:32:04.937 | WARNING  | api.api_handler_aeroapi:fetch_aeroapi_scheduled:74 - No next URL: 'NoneType' object is not subscriptable
2025-02-14 12:32:32.403 | WARNING  | api.api_handler_aeroapi:fetch_aeroapi_scheduled:74 - No next URL: 'NoneType' object is not subscriptable
2025-02-14 12:32:33.860 | ERROR    | __main__:main:96 - Error procesando vuelo 'revisedTime'
2025-02-14 12:32:56.603 | ERROR    | __main__:run_periodically:174 - Unexpected error: 'model'
2025-02-14 12:33:43.767 | WARNING  | api.api_handler_aeroapi:fetch_aeroapi_scheduled:74 - No next URL: 'NoneType' object is not subscriptable
2025-02-14 12:34:08.435 | WARNING  | api.api_handler_aeroapi:fetch_aeroapi_scheduled:74 - No next URL: 'NoneType' object is not subscriptable
2025-02-14 12:34:10.271 | ERROR    | __main__:main:96 - Error procesando vuelo 'revisedTime'
2025-02-14 12:36:20.650 | ERROR    | __main__:run_periodically:174 - Unexpected error: 'model'
2025-02-14 12:37:05.563 | WARNING  | api.api_handler_aeroapi:fetch_aeroapi_scheduled:74 - No next URL: 'NoneType' object is not subscriptable
2025-02-14 12:37:29.447 | WARNING  | api.api_handler_aeroapi:fetch_aeroapi_scheduled:74 - No next URL: 'NoneType' object is not subscriptable
2025-02-14 12:37:31.321 | ERROR    | __main__:main:96 - Error procesando vuelo 'revisedTime'
2025-02-14 12:37:37.205 | ERROR    | __main__:run_periodically:174 - Unexpected error: cannot access local variable 'e' where it is not associated with a value
2025-02-14 12:42:08.522 | ERROR    | __main__:main:98 - Error procesando vuelo 'revisedTime'
2025-02-14 12:42:41.957 | ERROR    | __main__:main:98 - Error procesando vuelo 'revisedTime'
2025-02-14 12:46:06.396 | ERROR    | __main__:main:98 - Error procesando vuelo 'revisedTime'
2025-02-14 12:48:19.318 | ERROR    | __main__:run_periodically:176 - Unexpected error: 'aircraft'
2025-02-14 12:51:55.424 | ERROR    | __main__:main:98 - Error procesando vuelo 'revisedTime'
2025-02-14 12:55:52.769 | ERROR    | __main__:main:98 - Error procesando vuelo 'revisedTime'
2025-02-14 13:00:04.268 | ERROR    | __main__:run_periodically:177 - Unexpected error: 'aircraft'
2025-02-14 13:00:26.276 | ERROR    | __main__:main:98 - Error procesando vuelo 'revisedTime'
2025-02-14 13:01:41.817 | ERROR    | __main__:run_periodically:178 - Unexpected error: 'aircraft'
2025-02-14 13:02:00.130 | ERROR    | __main__:main:98 - Error procesando vuelo 'revisedTime'
2025-02-14 13:02:26.898 | ERROR    | __main__:run_periodically:178 - Unexpected error: 'aircraft'
2025-02-14 13:03:59.952 | ERROR    | __main__:main:98 - Error procesando vuelo 'revisedTime'
2025-02-14 13:04:05.739 | ERROR    | __main__:run_periodically:178 - Unexpected error: 'aircraft'
2025-02-14 13:04:05.740 | ERROR    | __main__:run_periodically:179 - Error type: KeyError
2025-02-14 13:04:05.741 | ERROR    | __main__:run_periodically:180 - Traceback: <traceback object at 0x000001BE66592D80>
2025-02-14 13:04:05.741 | ERROR    | __main__:run_periodically:181 - Full exception details:
2025-02-14 13:11:17.037 | ERROR    | utils.data_processing:process_flight_data_adb:49 - Failed to parse scheduled time: 'revisedTime'
2025-02-14 13:11:17.043 | WARNING  | utils.data_processing:process_flight_data_adb:23 - Failed to construct flight name: 'icao'
2025-02-14 13:11:21.474 | ERROR    | __main__:run_periodically:178 - Unexpected error: 'aircraft'
2025-02-14 13:11:21.476 | ERROR    | __main__:run_periodically:179 - Error type: KeyError
2025-02-14 13:11:21.476 | ERROR    | __main__:run_periodically:180 - Traceback: <traceback object at 0x000001DEAE4E3840>
2025-02-14 13:11:21.477 | ERROR    | __main__:run_periodically:181 - Full exception details:
2025-02-14 13:11:57.857 | ERROR    | utils.data_processing:process_flight_data_adb:49 - Failed to parse scheduled time: 'revisedTime'
2025-02-14 13:11:57.862 | WARNING  | utils.data_processing:process_flight_data_adb:23 - Failed to construct flight name: 'icao'
2025-02-14 13:15:14.431 | ERROR    | utils.data_processing:process_flight_data_adb:49 - Failed to parse scheduled time: 'revisedTime'
2025-02-14 13:15:14.435 | WARNING  | utils.data_processing:process_flight_data_adb:23 - Failed to construct flight name: 'icao'
2025-02-14 13:46:36.193 | ERROR    | utils.data_processing:process_flight_data_adb:49 - Failed to parse scheduled time: 'revisedTime'
2025-02-14 13:46:36.198 | WARNING  | utils.data_processing:process_flight_data_adb:23 - Failed to construct flight name: 'icao'
2025-02-14 13:48:27.873 | ERROR    | utils.data_processing:process_flight_data_adb:49 - Failed to parse scheduled time: 'revisedTime'
2025-02-14 13:48:27.876 | WARNING  | utils.data_processing:process_flight_data_adb:23 - Failed to construct flight name: 'icao'
2025-02-14 13:48:40.904 | WARNING  | socials.telegram:send_message_task:101 - Scheduled time for flight RYR4TP is in the past, sending immediately
2025-02-14 13:48:40.904 | ERROR    | socials.telegram:send_message_task:113 - Failed to send Telegram message for flight RYR4TP: 'aircraft'
2025-02-14 13:48:40.904 | ERROR    | socials.telegram:send_message_task:114 - Exception details:'aircraft'
Traceback (most recent call last):

  File "c:\Users\hp\.conda\envs\twitter_bot\Lib\runpy.py", line 198, in _run_module_as_main
    return _run_code(code, main_globals, None,
           │         │     └ {'__name__': '__main__', '__doc__': None, '__package__': '', '__loader__': <_frozen_importlib_external.SourceFileLoader objec...
           │         └ <code object <module> at 0x0000020B9D325610, file "c:\Users\hp\.cursor\extensions\ms-python.debugpy-2024.6.0-win32-x64\bundle...
           └ <function _run_code at 0x0000020B9D346700>
  File "c:\Users\hp\.conda\envs\twitter_bot\Lib\runpy.py", line 88, in _run_code
    exec(code, run_globals)
         │     └ {'__name__': '__main__', '__doc__': None, '__package__': '', '__loader__': <_frozen_importlib_external.SourceFileLoader objec...
         └ <code object <module> at 0x0000020B9D325610, file "c:\Users\hp\.cursor\extensions\ms-python.debugpy-2024.6.0-win32-x64\bundle...

  File "c:\Users\hp\.cursor\extensions\ms-python.debugpy-2024.6.0-win32-x64\bundled\libs\debugpy\adapter/../..\debugpy\launcher/../..\debugpy\__main__.py", line 39, in <module>
    cli.main()
    │   └ <function main at 0x0000020B9FB97600>
    └ <module 'debugpy.server.cli' from 'c:\\Users\\hp\\.cursor\\extensions\\ms-python.debugpy-2024.6.0-win32-x64\\bundled\\libs\\d...

  File "c:\Users\hp\.cursor\extensions\ms-python.debugpy-2024.6.0-win32-x64\bundled\libs\debugpy\adapter/../..\debugpy\launcher/../..\debugpy/..\debugpy\server\cli.py", line 430, in main
    run()
    └ <function run_file at 0x0000020B9FB97380>

  File "c:\Users\hp\.cursor\extensions\ms-python.debugpy-2024.6.0-win32-x64\bundled\libs\debugpy\adapter/../..\debugpy\launcher/../..\debugpy/..\debugpy\server\cli.py", line 284, in run_file
    runpy.run_path(target, run_name="__main__")
    │     │        └ 'c:\\Users\\hp\\Documents\\CODE\\twitter_spotter_v4\\main.py'
    │     └ <function run_path at 0x0000020B9F7C6200>
    └ <module '_pydevd_bundle.pydevd_runpy' from 'c:\\Users\\hp\\.cursor\\extensions\\ms-python.debugpy-2024.6.0-win32-x64\\bundled...

  File "c:\Users\hp\.cursor\extensions\ms-python.debugpy-2024.6.0-win32-x64\bundled\libs\debugpy\_vendored\pydevd\_pydevd_bundle\pydevd_runpy.py", line 321, in run_path
    return _run_module_code(code, init_globals, run_name,
           │                │     │             └ '__main__'
           │                │     └ None
           │                └ <code object <module> at 0x0000020B9F4D4A90, file "c:\Users\hp\Documents\CODE\twitter_spotter_v4\main.py", line 1>
           └ <function _run_module_code at 0x0000020B9F7C5E40>

  File "c:\Users\hp\.cursor\extensions\ms-python.debugpy-2024.6.0-win32-x64\bundled\libs\debugpy\_vendored\pydevd\_pydevd_bundle\pydevd_runpy.py", line 135, in _run_module_code
    _run_code(code, mod_globals, init_globals,
    │         │     │            └ None
    │         │     └ {'__name__': '__main__', '__doc__': None, '__package__': '', '__loader__': None, '__spec__': None, '__file__': 'c:\\Users\\hp...
    │         └ <code object <module> at 0x0000020B9F4D4A90, file "c:\Users\hp\Documents\CODE\twitter_spotter_v4\main.py", line 1>
    └ <function _run_code at 0x0000020B9F7C59E0>

  File "c:\Users\hp\.cursor\extensions\ms-python.debugpy-2024.6.0-win32-x64\bundled\libs\debugpy\_vendored\pydevd\_pydevd_bundle\pydevd_runpy.py", line 124, in _run_code
    exec(code, run_globals)
         │     └ {'__name__': '__main__', '__doc__': None, '__package__': '', '__loader__': None, '__spec__': None, '__file__': 'c:\\Users\\hp...
         └ <code object <module> at 0x0000020B9F4D4A90, file "c:\Users\hp\Documents\CODE\twitter_spotter_v4\main.py", line 1>

  File "c:\Users\hp\Documents\CODE\twitter_spotter_v4\main.py", line 179, in <module>
    asyncio.run(run_periodically())
    │       │   └ <function run_periodically at 0x0000020BA3071EE0>
    │       └ <function run at 0x0000020B9D000680>
    └ <module 'asyncio' from 'c:\\Users\\hp\\.conda\\envs\\twitter_bot\\Lib\\asyncio\\__init__.py'>

  File "c:\Users\hp\.conda\envs\twitter_bot\Lib\asyncio\runners.py", line 194, in run
    return runner.run(main)
           │      │   └ <coroutine object run_periodically at 0x0000020BA3084200>
           │      └ <function Runner.run at 0x0000020BA060CF40>
           └ <asyncio.runners.Runner object at 0x0000020BA3088260>
  File "c:\Users\hp\.conda\envs\twitter_bot\Lib\asyncio\runners.py", line 118, in run
    return self._loop.run_until_complete(task)
           │    │     │                  └ <Task pending name='Task-1' coro=<run_periodically() running at c:\Users\hp\Documents\CODE\twitter_spotter_v4\main.py:172> wa...
           │    │     └ <function BaseEventLoop.run_until_complete at 0x0000020BA060AA20>
           │    └ <ProactorEventLoop running=True closed=False debug=False>
           └ <asyncio.runners.Runner object at 0x0000020BA3088260>
  File "c:\Users\hp\.conda\envs\twitter_bot\Lib\asyncio\base_events.py", line 673, in run_until_complete
    self.run_forever()
    │    └ <function ProactorEventLoop.run_forever at 0x0000020BA0694180>
    └ <ProactorEventLoop running=True closed=False debug=False>
  File "c:\Users\hp\.conda\envs\twitter_bot\Lib\asyncio\windows_events.py", line 322, in run_forever
    super().run_forever()
  File "c:\Users\hp\.conda\envs\twitter_bot\Lib\asyncio\base_events.py", line 640, in run_forever
    self._run_once()
    │    └ <function BaseEventLoop._run_once at 0x0000020BA060C7C0>
    └ <ProactorEventLoop running=True closed=False debug=False>
  File "c:\Users\hp\.conda\envs\twitter_bot\Lib\asyncio\base_events.py", line 1992, in _run_once
    handle._run()
    │      └ <function Handle._run at 0x0000020B9FD589A0>
    └ <Handle <_asyncio.TaskStepMethWrapper object at 0x0000020BA3133E20>()>
  File "c:\Users\hp\.conda\envs\twitter_bot\Lib\asyncio\events.py", line 88, in _run
    self._context.run(self._callback, *self._args)
    │    │            │    │           │    └ <member '_args' of 'Handle' objects>
    │    │            │    │           └ <Handle <_asyncio.TaskStepMethWrapper object at 0x0000020BA3133E20>()>
    │    │            │    └ <member '_callback' of 'Handle' objects>
    │    │            └ <Handle <_asyncio.TaskStepMethWrapper object at 0x0000020BA3133E20>()>
    │    └ <member '_context' of 'Handle' objects>
    └ <Handle <_asyncio.TaskStepMethWrapper object at 0x0000020BA3133E20>()>

> File "c:\Users\hp\Documents\CODE\twitter_spotter_v4\socials\telegram.py", line 111, in send_message_task
    await send_flight_update(chat_id, flight_data, image_path)
          │                  │        │            └ 'socials/temp_image.jpg'
          │                  │        └ {'flight_name': 'RYR4TP', 'registration': 'EI-IKH', 'aircraft_name': 'Boeing 737 MAX 8', 'aircraft_icao': None, 'airline': 'R...
          │                  └ '-1002116996158'
          └ <function send_flight_update at 0x0000020BA3010D60>

  File "c:\Users\hp\Documents\CODE\twitter_spotter_v4\socials\telegram.py", line 34, in send_flight_update
    message = generate_flight_message(flight_data)
              │                       └ {'flight_name': 'RYR4TP', 'registration': 'EI-IKH', 'aircraft_name': 'Boeing 737 MAX 8', 'aircraft_icao': None, 'airline': 'R...
              └ <function generate_flight_message at 0x0000020BA30105E0>

  File "c:\Users\hp\Documents\CODE\twitter_spotter_v4\socials\telegram.py", line 20, in generate_flight_message
    message += f"Aircraft: {flight_data['aircraft']}\n"
    │                       └ {'flight_name': 'RYR4TP', 'registration': 'EI-IKH', 'aircraft_name': 'Boeing 737 MAX 8', 'aircraft_icao': None, 'airline': 'R...
    └ '✈️ Flight Information:\n\nFlight: RYR4TP\nRegistration: EI-IKH\n'

KeyError: 'aircraft'
2025-02-14 13:48:48.223 | WARNING  | socials.telegram:send_message_task:101 - Scheduled time for flight QTR149 is in the past, sending immediately
2025-02-14 13:48:48.223 | ERROR    | socials.telegram:send_message_task:113 - Failed to send Telegram message for flight QTR149: 'aircraft'
2025-02-14 13:48:48.223 | ERROR    | socials.telegram:send_message_task:114 - Exception details:'aircraft'
Traceback (most recent call last):

  File "c:\Users\hp\.conda\envs\twitter_bot\Lib\runpy.py", line 198, in _run_module_as_main
    return _run_code(code, main_globals, None,
           │         │     └ {'__name__': '__main__', '__doc__': None, '__package__': '', '__loader__': <_frozen_importlib_external.SourceFileLoader objec...
           │         └ <code object <module> at 0x0000020B9D325610, file "c:\Users\hp\.cursor\extensions\ms-python.debugpy-2024.6.0-win32-x64\bundle...
           └ <function _run_code at 0x0000020B9D346700>
  File "c:\Users\hp\.conda\envs\twitter_bot\Lib\runpy.py", line 88, in _run_code
    exec(code, run_globals)
         │     └ {'__name__': '__main__', '__doc__': None, '__package__': '', '__loader__': <_frozen_importlib_external.SourceFileLoader objec...
         └ <code object <module> at 0x0000020B9D325610, file "c:\Users\hp\.cursor\extensions\ms-python.debugpy-2024.6.0-win32-x64\bundle...

  File "c:\Users\hp\.cursor\extensions\ms-python.debugpy-2024.6.0-win32-x64\bundled\libs\debugpy\adapter/../..\debugpy\launcher/../..\debugpy\__main__.py", line 39, in <module>
    cli.main()
    │   └ <function main at 0x0000020B9FB97600>
    └ <module 'debugpy.server.cli' from 'c:\\Users\\hp\\.cursor\\extensions\\ms-python.debugpy-2024.6.0-win32-x64\\bundled\\libs\\d...

  File "c:\Users\hp\.cursor\extensions\ms-python.debugpy-2024.6.0-win32-x64\bundled\libs\debugpy\adapter/../..\debugpy\launcher/../..\debugpy/..\debugpy\server\cli.py", line 430, in main
    run()
    └ <function run_file at 0x0000020B9FB97380>

  File "c:\Users\hp\.cursor\extensions\ms-python.debugpy-2024.6.0-win32-x64\bundled\libs\debugpy\adapter/../..\debugpy\launcher/../..\debugpy/..\debugpy\server\cli.py", line 284, in run_file
    runpy.run_path(target, run_name="__main__")
    │     │        └ 'c:\\Users\\hp\\Documents\\CODE\\twitter_spotter_v4\\main.py'
    │     └ <function run_path at 0x0000020B9F7C6200>
    └ <module '_pydevd_bundle.pydevd_runpy' from 'c:\\Users\\hp\\.cursor\\extensions\\ms-python.debugpy-2024.6.0-win32-x64\\bundled...

  File "c:\Users\hp\.cursor\extensions\ms-python.debugpy-2024.6.0-win32-x64\bundled\libs\debugpy\_vendored\pydevd\_pydevd_bundle\pydevd_runpy.py", line 321, in run_path
    return _run_module_code(code, init_globals, run_name,
           │                │     │             └ '__main__'
           │                │     └ None
           │                └ <code object <module> at 0x0000020B9F4D4A90, file "c:\Users\hp\Documents\CODE\twitter_spotter_v4\main.py", line 1>
           └ <function _run_module_code at 0x0000020B9F7C5E40>

  File "c:\Users\hp\.cursor\extensions\ms-python.debugpy-2024.6.0-win32-x64\bundled\libs\debugpy\_vendored\pydevd\_pydevd_bundle\pydevd_runpy.py", line 135, in _run_module_code
    _run_code(code, mod_globals, init_globals,
    │         │     │            └ None
    │         │     └ {'__name__': '__main__', '__doc__': None, '__package__': '', '__loader__': None, '__spec__': None, '__file__': 'c:\\Users\\hp...
    │         └ <code object <module> at 0x0000020B9F4D4A90, file "c:\Users\hp\Documents\CODE\twitter_spotter_v4\main.py", line 1>
    └ <function _run_code at 0x0000020B9F7C59E0>

  File "c:\Users\hp\.cursor\extensions\ms-python.debugpy-2024.6.0-win32-x64\bundled\libs\debugpy\_vendored\pydevd\_pydevd_bundle\pydevd_runpy.py", line 124, in _run_code
    exec(code, run_globals)
         │     └ {'__name__': '__main__', '__doc__': None, '__package__': '', '__loader__': None, '__spec__': None, '__file__': 'c:\\Users\\hp...
         └ <code object <module> at 0x0000020B9F4D4A90, file "c:\Users\hp\Documents\CODE\twitter_spotter_v4\main.py", line 1>

  File "c:\Users\hp\Documents\CODE\twitter_spotter_v4\main.py", line 179, in <module>
    asyncio.run(run_periodically())
    │       │   └ <function run_periodically at 0x0000020BA3071EE0>
    │       └ <function run at 0x0000020B9D000680>
    └ <module 'asyncio' from 'c:\\Users\\hp\\.conda\\envs\\twitter_bot\\Lib\\asyncio\\__init__.py'>

  File "c:\Users\hp\.conda\envs\twitter_bot\Lib\asyncio\runners.py", line 194, in run
    return runner.run(main)
           │      │   └ <coroutine object run_periodically at 0x0000020BA3084200>
           │      └ <function Runner.run at 0x0000020BA060CF40>
           └ <asyncio.runners.Runner object at 0x0000020BA3088260>
  File "c:\Users\hp\.conda\envs\twitter_bot\Lib\asyncio\runners.py", line 118, in run
    return self._loop.run_until_complete(task)
           │    │     │                  └ <Task pending name='Task-1' coro=<run_periodically() running at c:\Users\hp\Documents\CODE\twitter_spotter_v4\main.py:172> wa...
           │    │     └ <function BaseEventLoop.run_until_complete at 0x0000020BA060AA20>
           │    └ <ProactorEventLoop running=True closed=False debug=False>
           └ <asyncio.runners.Runner object at 0x0000020BA3088260>
  File "c:\Users\hp\.conda\envs\twitter_bot\Lib\asyncio\base_events.py", line 673, in run_until_complete
    self.run_forever()
    │    └ <function ProactorEventLoop.run_forever at 0x0000020BA0694180>
    └ <ProactorEventLoop running=True closed=False debug=False>
  File "c:\Users\hp\.conda\envs\twitter_bot\Lib\asyncio\windows_events.py", line 322, in run_forever
    super().run_forever()
  File "c:\Users\hp\.conda\envs\twitter_bot\Lib\asyncio\base_events.py", line 640, in run_forever
    self._run_once()
    │    └ <function BaseEventLoop._run_once at 0x0000020BA060C7C0>
    └ <ProactorEventLoop running=True closed=False debug=False>
  File "c:\Users\hp\.conda\envs\twitter_bot\Lib\asyncio\base_events.py", line 1992, in _run_once
    handle._run()
    │      └ <function Handle._run at 0x0000020B9FD589A0>
    └ <Handle <_asyncio.TaskStepMethWrapper object at 0x0000020BA3088FA0>()>
  File "c:\Users\hp\.conda\envs\twitter_bot\Lib\asyncio\events.py", line 88, in _run
    self._context.run(self._callback, *self._args)
    │    │            │    │           │    └ <member '_args' of 'Handle' objects>
    │    │            │    │           └ <Handle <_asyncio.TaskStepMethWrapper object at 0x0000020BA3088FA0>()>
    │    │            │    └ <member '_callback' of 'Handle' objects>
    │    │            └ <Handle <_asyncio.TaskStepMethWrapper object at 0x0000020BA3088FA0>()>
    │    └ <member '_context' of 'Handle' objects>
    └ <Handle <_asyncio.TaskStepMethWrapper object at 0x0000020BA3088FA0>()>

> File "c:\Users\hp\Documents\CODE\twitter_spotter_v4\socials\telegram.py", line 111, in send_message_task
    await send_flight_update(chat_id, flight_data, image_path)
          │                  │        │            └ 'socials/temp_image.jpg'
          │                  │        └ {'flight_name': 'QTR149', 'registration': None, 'aircraft_name': 'Boeing 777-300ER', 'aircraft_icao': None, 'airline': 'QTR',...
          │                  └ '-1002116996158'
          └ <function send_flight_update at 0x0000020BA3010D60>

  File "c:\Users\hp\Documents\CODE\twitter_spotter_v4\socials\telegram.py", line 34, in send_flight_update
    message = generate_flight_message(flight_data)
              │                       └ {'flight_name': 'QTR149', 'registration': None, 'aircraft_name': 'Boeing 777-300ER', 'aircraft_icao': None, 'airline': 'QTR',...
              └ <function generate_flight_message at 0x0000020BA30105E0>

  File "c:\Users\hp\Documents\CODE\twitter_spotter_v4\socials\telegram.py", line 20, in generate_flight_message
    message += f"Aircraft: {flight_data['aircraft']}\n"
    │                       └ {'flight_name': 'QTR149', 'registration': None, 'aircraft_name': 'Boeing 777-300ER', 'aircraft_icao': None, 'airline': 'QTR',...
    └ '✈️ Flight Information:\n\nFlight: QTR149\nRegistration: None\n'

KeyError: 'aircraft'
2025-02-14 13:48:55.191 | WARNING  | socials.telegram:send_message_task:101 - Scheduled time for flight RYR5994 is in the past, sending immediately
2025-02-14 13:48:55.191 | ERROR    | socials.telegram:send_message_task:113 - Failed to send Telegram message for flight RYR5994: 'aircraft'
2025-02-14 13:48:55.193 | ERROR    | socials.telegram:send_message_task:114 - Exception details:'aircraft'
Traceback (most recent call last):

  File "c:\Users\hp\.conda\envs\twitter_bot\Lib\runpy.py", line 198, in _run_module_as_main
    return _run_code(code, main_globals, None,
           │         │     └ {'__name__': '__main__', '__doc__': None, '__package__': '', '__loader__': <_frozen_importlib_external.SourceFileLoader objec...
           │         └ <code object <module> at 0x0000020B9D325610, file "c:\Users\hp\.cursor\extensions\ms-python.debugpy-2024.6.0-win32-x64\bundle...
           └ <function _run_code at 0x0000020B9D346700>
  File "c:\Users\hp\.conda\envs\twitter_bot\Lib\runpy.py", line 88, in _run_code
    exec(code, run_globals)
         │     └ {'__name__': '__main__', '__doc__': None, '__package__': '', '__loader__': <_frozen_importlib_external.SourceFileLoader objec...
         └ <code object <module> at 0x0000020B9D325610, file "c:\Users\hp\.cursor\extensions\ms-python.debugpy-2024.6.0-win32-x64\bundle...

  File "c:\Users\hp\.cursor\extensions\ms-python.debugpy-2024.6.0-win32-x64\bundled\libs\debugpy\adapter/../..\debugpy\launcher/../..\debugpy\__main__.py", line 39, in <module>
    cli.main()
    │   └ <function main at 0x0000020B9FB97600>
    └ <module 'debugpy.server.cli' from 'c:\\Users\\hp\\.cursor\\extensions\\ms-python.debugpy-2024.6.0-win32-x64\\bundled\\libs\\d...

  File "c:\Users\hp\.cursor\extensions\ms-python.debugpy-2024.6.0-win32-x64\bundled\libs\debugpy\adapter/../..\debugpy\launcher/../..\debugpy/..\debugpy\server\cli.py", line 430, in main
    run()
    └ <function run_file at 0x0000020B9FB97380>

  File "c:\Users\hp\.cursor\extensions\ms-python.debugpy-2024.6.0-win32-x64\bundled\libs\debugpy\adapter/../..\debugpy\launcher/../..\debugpy/..\debugpy\server\cli.py", line 284, in run_file
    runpy.run_path(target, run_name="__main__")
    │     │        └ 'c:\\Users\\hp\\Documents\\CODE\\twitter_spotter_v4\\main.py'
    │     └ <function run_path at 0x0000020B9F7C6200>
    └ <module '_pydevd_bundle.pydevd_runpy' from 'c:\\Users\\hp\\.cursor\\extensions\\ms-python.debugpy-2024.6.0-win32-x64\\bundled...

  File "c:\Users\hp\.cursor\extensions\ms-python.debugpy-2024.6.0-win32-x64\bundled\libs\debugpy\_vendored\pydevd\_pydevd_bundle\pydevd_runpy.py", line 321, in run_path
    return _run_module_code(code, init_globals, run_name,
           │                │     │             └ '__main__'
           │                │     └ None
           │                └ <code object <module> at 0x0000020B9F4D4A90, file "c:\Users\hp\Documents\CODE\twitter_spotter_v4\main.py", line 1>
           └ <function _run_module_code at 0x0000020B9F7C5E40>

  File "c:\Users\hp\.cursor\extensions\ms-python.debugpy-2024.6.0-win32-x64\bundled\libs\debugpy\_vendored\pydevd\_pydevd_bundle\pydevd_runpy.py", line 135, in _run_module_code
    _run_code(code, mod_globals, init_globals,
    │         │     │            └ None
    │         │     └ {'__name__': '__main__', '__doc__': None, '__package__': '', '__loader__': None, '__spec__': None, '__file__': 'c:\\Users\\hp...
    │         └ <code object <module> at 0x0000020B9F4D4A90, file "c:\Users\hp\Documents\CODE\twitter_spotter_v4\main.py", line 1>
    └ <function _run_code at 0x0000020B9F7C59E0>

  File "c:\Users\hp\.cursor\extensions\ms-python.debugpy-2024.6.0-win32-x64\bundled\libs\debugpy\_vendored\pydevd\_pydevd_bundle\pydevd_runpy.py", line 124, in _run_code
    exec(code, run_globals)
         │     └ {'__name__': '__main__', '__doc__': None, '__package__': '', '__loader__': None, '__spec__': None, '__file__': 'c:\\Users\\hp...
         └ <code object <module> at 0x0000020B9F4D4A90, file "c:\Users\hp\Documents\CODE\twitter_spotter_v4\main.py", line 1>

  File "c:\Users\hp\Documents\CODE\twitter_spotter_v4\main.py", line 179, in <module>
    asyncio.run(run_periodically())
    │       │   └ <function run_periodically at 0x0000020BA3071EE0>
    │       └ <function run at 0x0000020B9D000680>
    └ <module 'asyncio' from 'c:\\Users\\hp\\.conda\\envs\\twitter_bot\\Lib\\asyncio\\__init__.py'>

  File "c:\Users\hp\.conda\envs\twitter_bot\Lib\asyncio\runners.py", line 194, in run
    return runner.run(main)
           │      │   └ <coroutine object run_periodically at 0x0000020BA3084200>
           │      └ <function Runner.run at 0x0000020BA060CF40>
           └ <asyncio.runners.Runner object at 0x0000020BA3088260>
  File "c:\Users\hp\.conda\envs\twitter_bot\Lib\asyncio\runners.py", line 118, in run
    return self._loop.run_until_complete(task)
           │    │     │                  └ <Task pending name='Task-1' coro=<run_periodically() running at c:\Users\hp\Documents\CODE\twitter_spotter_v4\main.py:172> wa...
           │    │     └ <function BaseEventLoop.run_until_complete at 0x0000020BA060AA20>
           │    └ <ProactorEventLoop running=True closed=False debug=False>
           └ <asyncio.runners.Runner object at 0x0000020BA3088260>
  File "c:\Users\hp\.conda\envs\twitter_bot\Lib\asyncio\base_events.py", line 673, in run_until_complete
    self.run_forever()
    │    └ <function ProactorEventLoop.run_forever at 0x0000020BA0694180>
    └ <ProactorEventLoop running=True closed=False debug=False>
  File "c:\Users\hp\.conda\envs\twitter_bot\Lib\asyncio\windows_events.py", line 322, in run_forever
    super().run_forever()
  File "c:\Users\hp\.conda\envs\twitter_bot\Lib\asyncio\base_events.py", line 640, in run_forever
    self._run_once()
    │    └ <function BaseEventLoop._run_once at 0x0000020BA060C7C0>
    └ <ProactorEventLoop running=True closed=False debug=False>
  File "c:\Users\hp\.conda\envs\twitter_bot\Lib\asyncio\base_events.py", line 1992, in _run_once
    handle._run()
    │      └ <function Handle._run at 0x0000020B9FD589A0>
    └ <Handle <_asyncio.TaskStepMethWrapper object at 0x0000020BA4BCCB80>()>
  File "c:\Users\hp\.conda\envs\twitter_bot\Lib\asyncio\events.py", line 88, in _run
    self._context.run(self._callback, *self._args)
    │    │            │    │           │    └ <member '_args' of 'Handle' objects>
    │    │            │    │           └ <Handle <_asyncio.TaskStepMethWrapper object at 0x0000020BA4BCCB80>()>
    │    │            │    └ <member '_callback' of 'Handle' objects>
    │    │            └ <Handle <_asyncio.TaskStepMethWrapper object at 0x0000020BA4BCCB80>()>
    │    └ <member '_context' of 'Handle' objects>
    └ <Handle <_asyncio.TaskStepMethWrapper object at 0x0000020BA4BCCB80>()>

> File "c:\Users\hp\Documents\CODE\twitter_spotter_v4\socials\telegram.py", line 111, in send_message_task
    await send_flight_update(chat_id, flight_data, image_path)
          │                  │        │            └ 'socials/temp_image.jpg'
          │                  │        └ {'flight_name': 'RYR5994', 'registration': None, 'aircraft_name': 'Boeing 737 MAX 8', 'aircraft_icao': None, 'airline': 'RYR'...
          │                  └ '-1002116996158'
          └ <function send_flight_update at 0x0000020BA3010D60>

  File "c:\Users\hp\Documents\CODE\twitter_spotter_v4\socials\telegram.py", line 34, in send_flight_update
    message = generate_flight_message(flight_data)
              │                       └ {'flight_name': 'RYR5994', 'registration': None, 'aircraft_name': 'Boeing 737 MAX 8', 'aircraft_icao': None, 'airline': 'RYR'...
              └ <function generate_flight_message at 0x0000020BA30105E0>

  File "c:\Users\hp\Documents\CODE\twitter_spotter_v4\socials\telegram.py", line 20, in generate_flight_message
    message += f"Aircraft: {flight_data['aircraft']}\n"
    │                       └ {'flight_name': 'RYR5994', 'registration': None, 'aircraft_name': 'Boeing 737 MAX 8', 'aircraft_icao': None, 'airline': 'RYR'...
    └ '✈️ Flight Information:\n\nFlight: RYR5994\nRegistration: None\n'

KeyError: 'aircraft'
2025-02-14 13:49:00.324 | WARNING  | socials.telegram:send_message_task:101 - Scheduled time for flight RYR1YY is in the past, sending immediately
2025-02-14 13:49:00.324 | ERROR    | socials.telegram:send_message_task:113 - Failed to send Telegram message for flight RYR1YY: 'aircraft'
2025-02-14 13:49:00.326 | ERROR    | socials.telegram:send_message_task:114 - Exception details:'aircraft'
Traceback (most recent call last):

  File "c:\Users\hp\.conda\envs\twitter_bot\Lib\runpy.py", line 198, in _run_module_as_main
    return _run_code(code, main_globals, None,
           │         │     └ {'__name__': '__main__', '__doc__': None, '__package__': '', '__loader__': <_frozen_importlib_external.SourceFileLoader objec...
           │         └ <code object <module> at 0x0000020B9D325610, file "c:\Users\hp\.cursor\extensions\ms-python.debugpy-2024.6.0-win32-x64\bundle...
           └ <function _run_code at 0x0000020B9D346700>
  File "c:\Users\hp\.conda\envs\twitter_bot\Lib\runpy.py", line 88, in _run_code
    exec(code, run_globals)
         │     └ {'__name__': '__main__', '__doc__': None, '__package__': '', '__loader__': <_frozen_importlib_external.SourceFileLoader objec...
         └ <code object <module> at 0x0000020B9D325610, file "c:\Users\hp\.cursor\extensions\ms-python.debugpy-2024.6.0-win32-x64\bundle...

  File "c:\Users\hp\.cursor\extensions\ms-python.debugpy-2024.6.0-win32-x64\bundled\libs\debugpy\adapter/../..\debugpy\launcher/../..\debugpy\__main__.py", line 39, in <module>
    cli.main()
    │   └ <function main at 0x0000020B9FB97600>
    └ <module 'debugpy.server.cli' from 'c:\\Users\\hp\\.cursor\\extensions\\ms-python.debugpy-2024.6.0-win32-x64\\bundled\\libs\\d...

  File "c:\Users\hp\.cursor\extensions\ms-python.debugpy-2024.6.0-win32-x64\bundled\libs\debugpy\adapter/../..\debugpy\launcher/../..\debugpy/..\debugpy\server\cli.py", line 430, in main
    run()
    └ <function run_file at 0x0000020B9FB97380>

  File "c:\Users\hp\.cursor\extensions\ms-python.debugpy-2024.6.0-win32-x64\bundled\libs\debugpy\adapter/../..\debugpy\launcher/../..\debugpy/..\debugpy\server\cli.py", line 284, in run_file
    runpy.run_path(target, run_name="__main__")
    │     │        └ 'c:\\Users\\hp\\Documents\\CODE\\twitter_spotter_v4\\main.py'
    │     └ <function run_path at 0x0000020B9F7C6200>
    └ <module '_pydevd_bundle.pydevd_runpy' from 'c:\\Users\\hp\\.cursor\\extensions\\ms-python.debugpy-2024.6.0-win32-x64\\bundled...

  File "c:\Users\hp\.cursor\extensions\ms-python.debugpy-2024.6.0-win32-x64\bundled\libs\debugpy\_vendored\pydevd\_pydevd_bundle\pydevd_runpy.py", line 321, in run_path
    return _run_module_code(code, init_globals, run_name,
           │                │     │             └ '__main__'
           │                │     └ None
           │                └ <code object <module> at 0x0000020B9F4D4A90, file "c:\Users\hp\Documents\CODE\twitter_spotter_v4\main.py", line 1>
           └ <function _run_module_code at 0x0000020B9F7C5E40>

  File "c:\Users\hp\.cursor\extensions\ms-python.debugpy-2024.6.0-win32-x64\bundled\libs\debugpy\_vendored\pydevd\_pydevd_bundle\pydevd_runpy.py", line 135, in _run_module_code
    _run_code(code, mod_globals, init_globals,
    │         │     │            └ None
    │         │     └ {'__name__': '__main__', '__doc__': None, '__package__': '', '__loader__': None, '__spec__': None, '__file__': 'c:\\Users\\hp...
    │         └ <code object <module> at 0x0000020B9F4D4A90, file "c:\Users\hp\Documents\CODE\twitter_spotter_v4\main.py", line 1>
    └ <function _run_code at 0x0000020B9F7C59E0>

  File "c:\Users\hp\.cursor\extensions\ms-python.debugpy-2024.6.0-win32-x64\bundled\libs\debugpy\_vendored\pydevd\_pydevd_bundle\pydevd_runpy.py", line 124, in _run_code
    exec(code, run_globals)
         │     └ {'__name__': '__main__', '__doc__': None, '__package__': '', '__loader__': None, '__spec__': None, '__file__': 'c:\\Users\\hp...
         └ <code object <module> at 0x0000020B9F4D4A90, file "c:\Users\hp\Documents\CODE\twitter_spotter_v4\main.py", line 1>

  File "c:\Users\hp\Documents\CODE\twitter_spotter_v4\main.py", line 179, in <module>
    asyncio.run(run_periodically())
    │       │   └ <function run_periodically at 0x0000020BA3071EE0>
    │       └ <function run at 0x0000020B9D000680>
    └ <module 'asyncio' from 'c:\\Users\\hp\\.conda\\envs\\twitter_bot\\Lib\\asyncio\\__init__.py'>

  File "c:\Users\hp\.conda\envs\twitter_bot\Lib\asyncio\runners.py", line 194, in run
    return runner.run(main)
           │      │   └ <coroutine object run_periodically at 0x0000020BA3084200>
           │      └ <function Runner.run at 0x0000020BA060CF40>
           └ <asyncio.runners.Runner object at 0x0000020BA3088260>
  File "c:\Users\hp\.conda\envs\twitter_bot\Lib\asyncio\runners.py", line 118, in run
    return self._loop.run_until_complete(task)
           │    │     │                  └ <Task pending name='Task-1' coro=<run_periodically() running at c:\Users\hp\Documents\CODE\twitter_spotter_v4\main.py:172> wa...
           │    │     └ <function BaseEventLoop.run_until_complete at 0x0000020BA060AA20>
           │    └ <ProactorEventLoop running=True closed=False debug=False>
           └ <asyncio.runners.Runner object at 0x0000020BA3088260>
  File "c:\Users\hp\.conda\envs\twitter_bot\Lib\asyncio\base_events.py", line 673, in run_until_complete
    self.run_forever()
    │    └ <function ProactorEventLoop.run_forever at 0x0000020BA0694180>
    └ <ProactorEventLoop running=True closed=False debug=False>
  File "c:\Users\hp\.conda\envs\twitter_bot\Lib\asyncio\windows_events.py", line 322, in run_forever
    super().run_forever()
  File "c:\Users\hp\.conda\envs\twitter_bot\Lib\asyncio\base_events.py", line 640, in run_forever
    self._run_once()
    │    └ <function BaseEventLoop._run_once at 0x0000020BA060C7C0>
    └ <ProactorEventLoop running=True closed=False debug=False>
  File "c:\Users\hp\.conda\envs\twitter_bot\Lib\asyncio\base_events.py", line 1992, in _run_once
    handle._run()
    │      └ <function Handle._run at 0x0000020B9FD589A0>
    └ <Handle <_asyncio.TaskStepMethWrapper object at 0x0000020BA2C53DC0>()>
  File "c:\Users\hp\.conda\envs\twitter_bot\Lib\asyncio\events.py", line 88, in _run
    self._context.run(self._callback, *self._args)
    │    │            │    │           │    └ <member '_args' of 'Handle' objects>
    │    │            │    │           └ <Handle <_asyncio.TaskStepMethWrapper object at 0x0000020BA2C53DC0>()>
    │    │            │    └ <member '_callback' of 'Handle' objects>
    │    │            └ <Handle <_asyncio.TaskStepMethWrapper object at 0x0000020BA2C53DC0>()>
    │    └ <member '_context' of 'Handle' objects>
    └ <Handle <_asyncio.TaskStepMethWrapper object at 0x0000020BA2C53DC0>()>

> File "c:\Users\hp\Documents\CODE\twitter_spotter_v4\socials\telegram.py", line 111, in send_message_task
    await send_flight_update(chat_id, flight_data, image_path)
          │                  │        │            └ 'socials/temp_image.jpg'
          │                  │        └ {'flight_name': 'RYR1YY', 'registration': 'EI-IFY', 'aircraft_name': None, 'aircraft_icao': 'B38M', 'airline': 'RYR', 'airlin...
          │                  └ '-1002116996158'
          └ <function send_flight_update at 0x0000020BA3010D60>

  File "c:\Users\hp\Documents\CODE\twitter_spotter_v4\socials\telegram.py", line 34, in send_flight_update
    message = generate_flight_message(flight_data)
              │                       └ {'flight_name': 'RYR1YY', 'registration': 'EI-IFY', 'aircraft_name': None, 'aircraft_icao': 'B38M', 'airline': 'RYR', 'airlin...
              └ <function generate_flight_message at 0x0000020BA30105E0>

  File "c:\Users\hp\Documents\CODE\twitter_spotter_v4\socials\telegram.py", line 20, in generate_flight_message
    message += f"Aircraft: {flight_data['aircraft']}\n"
    │                       └ {'flight_name': 'RYR1YY', 'registration': 'EI-IFY', 'aircraft_name': None, 'aircraft_icao': 'B38M', 'airline': 'RYR', 'airlin...
    └ '✈️ Flight Information:\n\nFlight: RYR1YY\nRegistration: EI-IFY\n'

KeyError: 'aircraft'
2025-02-14 13:49:05.289 | WARNING  | socials.telegram:send_message_task:101 - Scheduled time for flight RYR9602 is in the past, sending immediately
2025-02-14 13:49:05.290 | ERROR    | socials.telegram:send_message_task:113 - Failed to send Telegram message for flight RYR9602: 'aircraft'
2025-02-14 13:49:05.292 | ERROR    | socials.telegram:send_message_task:114 - Exception details:'aircraft'
Traceback (most recent call last):

  File "c:\Users\hp\.conda\envs\twitter_bot\Lib\runpy.py", line 198, in _run_module_as_main
    return _run_code(code, main_globals, None,
           │         │     └ {'__name__': '__main__', '__doc__': None, '__package__': '', '__loader__': <_frozen_importlib_external.SourceFileLoader objec...
           │         └ <code object <module> at 0x0000020B9D325610, file "c:\Users\hp\.cursor\extensions\ms-python.debugpy-2024.6.0-win32-x64\bundle...
           └ <function _run_code at 0x0000020B9D346700>
  File "c:\Users\hp\.conda\envs\twitter_bot\Lib\runpy.py", line 88, in _run_code
    exec(code, run_globals)
         │     └ {'__name__': '__main__', '__doc__': None, '__package__': '', '__loader__': <_frozen_importlib_external.SourceFileLoader objec...
         └ <code object <module> at 0x0000020B9D325610, file "c:\Users\hp\.cursor\extensions\ms-python.debugpy-2024.6.0-win32-x64\bundle...

  File "c:\Users\hp\.cursor\extensions\ms-python.debugpy-2024.6.0-win32-x64\bundled\libs\debugpy\adapter/../..\debugpy\launcher/../..\debugpy\__main__.py", line 39, in <module>
    cli.main()
    │   └ <function main at 0x0000020B9FB97600>
    └ <module 'debugpy.server.cli' from 'c:\\Users\\hp\\.cursor\\extensions\\ms-python.debugpy-2024.6.0-win32-x64\\bundled\\libs\\d...

  File "c:\Users\hp\.cursor\extensions\ms-python.debugpy-2024.6.0-win32-x64\bundled\libs\debugpy\adapter/../..\debugpy\launcher/../..\debugpy/..\debugpy\server\cli.py", line 430, in main
    run()
    └ <function run_file at 0x0000020B9FB97380>

  File "c:\Users\hp\.cursor\extensions\ms-python.debugpy-2024.6.0-win32-x64\bundled\libs\debugpy\adapter/../..\debugpy\launcher/../..\debugpy/..\debugpy\server\cli.py", line 284, in run_file
    runpy.run_path(target, run_name="__main__")
    │     │        └ 'c:\\Users\\hp\\Documents\\CODE\\twitter_spotter_v4\\main.py'
    │     └ <function run_path at 0x0000020B9F7C6200>
    └ <module '_pydevd_bundle.pydevd_runpy' from 'c:\\Users\\hp\\.cursor\\extensions\\ms-python.debugpy-2024.6.0-win32-x64\\bundled...

  File "c:\Users\hp\.cursor\extensions\ms-python.debugpy-2024.6.0-win32-x64\bundled\libs\debugpy\_vendored\pydevd\_pydevd_bundle\pydevd_runpy.py", line 321, in run_path
    return _run_module_code(code, init_globals, run_name,
           │                │     │             └ '__main__'
           │                │     └ None
           │                └ <code object <module> at 0x0000020B9F4D4A90, file "c:\Users\hp\Documents\CODE\twitter_spotter_v4\main.py", line 1>
           └ <function _run_module_code at 0x0000020B9F7C5E40>

  File "c:\Users\hp\.cursor\extensions\ms-python.debugpy-2024.6.0-win32-x64\bundled\libs\debugpy\_vendored\pydevd\_pydevd_bundle\pydevd_runpy.py", line 135, in _run_module_code
    _run_code(code, mod_globals, init_globals,
    │         │     │            └ None
    │         │     └ {'__name__': '__main__', '__doc__': None, '__package__': '', '__loader__': None, '__spec__': None, '__file__': 'c:\\Users\\hp...
    │         └ <code object <module> at 0x0000020B9F4D4A90, file "c:\Users\hp\Documents\CODE\twitter_spotter_v4\main.py", line 1>
    └ <function _run_code at 0x0000020B9F7C59E0>

  File "c:\Users\hp\.cursor\extensions\ms-python.debugpy-2024.6.0-win32-x64\bundled\libs\debugpy\_vendored\pydevd\_pydevd_bundle\pydevd_runpy.py", line 124, in _run_code
    exec(code, run_globals)
         │     └ {'__name__': '__main__', '__doc__': None, '__package__': '', '__loader__': None, '__spec__': None, '__file__': 'c:\\Users\\hp...
         └ <code object <module> at 0x0000020B9F4D4A90, file "c:\Users\hp\Documents\CODE\twitter_spotter_v4\main.py", line 1>

  File "c:\Users\hp\Documents\CODE\twitter_spotter_v4\main.py", line 179, in <module>
    asyncio.run(run_periodically())
    │       │   └ <function run_periodically at 0x0000020BA3071EE0>
    │       └ <function run at 0x0000020B9D000680>
    └ <module 'asyncio' from 'c:\\Users\\hp\\.conda\\envs\\twitter_bot\\Lib\\asyncio\\__init__.py'>

  File "c:\Users\hp\.conda\envs\twitter_bot\Lib\asyncio\runners.py", line 194, in run
    return runner.run(main)
           │      │   └ <coroutine object run_periodically at 0x0000020BA3084200>
           │      └ <function Runner.run at 0x0000020BA060CF40>
           └ <asyncio.runners.Runner object at 0x0000020BA3088260>
  File "c:\Users\hp\.conda\envs\twitter_bot\Lib\asyncio\runners.py", line 118, in run
    return self._loop.run_until_complete(task)
           │    │     │                  └ <Task pending name='Task-1' coro=<run_periodically() running at c:\Users\hp\Documents\CODE\twitter_spotter_v4\main.py:172> wa...
           │    │     └ <function BaseEventLoop.run_until_complete at 0x0000020BA060AA20>
           │    └ <ProactorEventLoop running=True closed=False debug=False>
           └ <asyncio.runners.Runner object at 0x0000020BA3088260>
  File "c:\Users\hp\.conda\envs\twitter_bot\Lib\asyncio\base_events.py", line 673, in run_until_complete
    self.run_forever()
    │    └ <function ProactorEventLoop.run_forever at 0x0000020BA0694180>
    └ <ProactorEventLoop running=True closed=False debug=False>
  File "c:\Users\hp\.conda\envs\twitter_bot\Lib\asyncio\windows_events.py", line 322, in run_forever
    super().run_forever()
  File "c:\Users\hp\.conda\envs\twitter_bot\Lib\asyncio\base_events.py", line 640, in run_forever
    self._run_once()
    │    └ <function BaseEventLoop._run_once at 0x0000020BA060C7C0>
    └ <ProactorEventLoop running=True closed=False debug=False>
  File "c:\Users\hp\.conda\envs\twitter_bot\Lib\asyncio\base_events.py", line 1992, in _run_once
    handle._run()
    │      └ <function Handle._run at 0x0000020B9FD589A0>
    └ <Handle <_asyncio.TaskStepMethWrapper object at 0x0000020BA2A832B0>()>
  File "c:\Users\hp\.conda\envs\twitter_bot\Lib\asyncio\events.py", line 88, in _run
    self._context.run(self._callback, *self._args)
    │    │            │    │           │    └ <member '_args' of 'Handle' objects>
    │    │            │    │           └ <Handle <_asyncio.TaskStepMethWrapper object at 0x0000020BA2A832B0>()>
    │    │            │    └ <member '_callback' of 'Handle' objects>
    │    │            └ <Handle <_asyncio.TaskStepMethWrapper object at 0x0000020BA2A832B0>()>
    │    └ <member '_context' of 'Handle' objects>
    └ <Handle <_asyncio.TaskStepMethWrapper object at 0x0000020BA2A832B0>()>

> File "c:\Users\hp\Documents\CODE\twitter_spotter_v4\socials\telegram.py", line 111, in send_message_task
    await send_flight_update(chat_id, flight_data, image_path)
          │                  │        │            └ 'socials/temp_image.jpg'
          │                  │        └ {'flight_name': 'RYR9602', 'registration': None, 'aircraft_name': 'Boeing 737 MAX 8', 'aircraft_icao': None, 'airline': 'RYR'...
          │                  └ '-1002116996158'
          └ <function send_flight_update at 0x0000020BA3010D60>

  File "c:\Users\hp\Documents\CODE\twitter_spotter_v4\socials\telegram.py", line 34, in send_flight_update
    message = generate_flight_message(flight_data)
              │                       └ {'flight_name': 'RYR9602', 'registration': None, 'aircraft_name': 'Boeing 737 MAX 8', 'aircraft_icao': None, 'airline': 'RYR'...
              └ <function generate_flight_message at 0x0000020BA30105E0>

  File "c:\Users\hp\Documents\CODE\twitter_spotter_v4\socials\telegram.py", line 20, in generate_flight_message
    message += f"Aircraft: {flight_data['aircraft']}\n"
    │                       └ {'flight_name': 'RYR9602', 'registration': None, 'aircraft_name': 'Boeing 737 MAX 8', 'aircraft_icao': None, 'airline': 'RYR'...
    └ '✈️ Flight Information:\n\nFlight: RYR9602\nRegistration: None\n'

KeyError: 'aircraft'
2025-02-14 13:49:10.104 | WARNING  | socials.telegram:send_message_task:101 - Scheduled time for flight RYR3186 is in the past, sending immediately
2025-02-14 13:49:10.104 | ERROR    | socials.telegram:send_message_task:113 - Failed to send Telegram message for flight RYR3186: 'aircraft'
2025-02-14 13:49:10.107 | ERROR    | socials.telegram:send_message_task:114 - Exception details:'aircraft'
Traceback (most recent call last):

  File "c:\Users\hp\.conda\envs\twitter_bot\Lib\runpy.py", line 198, in _run_module_as_main
    return _run_code(code, main_globals, None,
           │         │     └ {'__name__': '__main__', '__doc__': None, '__package__': '', '__loader__': <_frozen_importlib_external.SourceFileLoader objec...
           │         └ <code object <module> at 0x0000020B9D325610, file "c:\Users\hp\.cursor\extensions\ms-python.debugpy-2024.6.0-win32-x64\bundle...
           └ <function _run_code at 0x0000020B9D346700>
  File "c:\Users\hp\.conda\envs\twitter_bot\Lib\runpy.py", line 88, in _run_code
    exec(code, run_globals)
         │     └ {'__name__': '__main__', '__doc__': None, '__package__': '', '__loader__': <_frozen_importlib_external.SourceFileLoader objec...
         └ <code object <module> at 0x0000020B9D325610, file "c:\Users\hp\.cursor\extensions\ms-python.debugpy-2024.6.0-win32-x64\bundle...

  File "c:\Users\hp\.cursor\extensions\ms-python.debugpy-2024.6.0-win32-x64\bundled\libs\debugpy\adapter/../..\debugpy\launcher/../..\debugpy\__main__.py", line 39, in <module>
    cli.main()
    │   └ <function main at 0x0000020B9FB97600>
    └ <module 'debugpy.server.cli' from 'c:\\Users\\hp\\.cursor\\extensions\\ms-python.debugpy-2024.6.0-win32-x64\\bundled\\libs\\d...

  File "c:\Users\hp\.cursor\extensions\ms-python.debugpy-2024.6.0-win32-x64\bundled\libs\debugpy\adapter/../..\debugpy\launcher/../..\debugpy/..\debugpy\server\cli.py", line 430, in main
    run()
    └ <function run_file at 0x0000020B9FB97380>

  File "c:\Users\hp\.cursor\extensions\ms-python.debugpy-2024.6.0-win32-x64\bundled\libs\debugpy\adapter/../..\debugpy\launcher/../..\debugpy/..\debugpy\server\cli.py", line 284, in run_file
    runpy.run_path(target, run_name="__main__")
    │     │        └ 'c:\\Users\\hp\\Documents\\CODE\\twitter_spotter_v4\\main.py'
    │     └ <function run_path at 0x0000020B9F7C6200>
    └ <module '_pydevd_bundle.pydevd_runpy' from 'c:\\Users\\hp\\.cursor\\extensions\\ms-python.debugpy-2024.6.0-win32-x64\\bundled...

  File "c:\Users\hp\.cursor\extensions\ms-python.debugpy-2024.6.0-win32-x64\bundled\libs\debugpy\_vendored\pydevd\_pydevd_bundle\pydevd_runpy.py", line 321, in run_path
    return _run_module_code(code, init_globals, run_name,
           │                │     │             └ '__main__'
           │                │     └ None
           │                └ <code object <module> at 0x0000020B9F4D4A90, file "c:\Users\hp\Documents\CODE\twitter_spotter_v4\main.py", line 1>
           └ <function _run_module_code at 0x0000020B9F7C5E40>

  File "c:\Users\hp\.cursor\extensions\ms-python.debugpy-2024.6.0-win32-x64\bundled\libs\debugpy\_vendored\pydevd\_pydevd_bundle\pydevd_runpy.py", line 135, in _run_module_code
    _run_code(code, mod_globals, init_globals,
    │         │     │            └ None
    │         │     └ {'__name__': '__main__', '__doc__': None, '__package__': '', '__loader__': None, '__spec__': None, '__file__': 'c:\\Users\\hp...
    │         └ <code object <module> at 0x0000020B9F4D4A90, file "c:\Users\hp\Documents\CODE\twitter_spotter_v4\main.py", line 1>
    └ <function _run_code at 0x0000020B9F7C59E0>

  File "c:\Users\hp\.cursor\extensions\ms-python.debugpy-2024.6.0-win32-x64\bundled\libs\debugpy\_vendored\pydevd\_pydevd_bundle\pydevd_runpy.py", line 124, in _run_code
    exec(code, run_globals)
         │     └ {'__name__': '__main__', '__doc__': None, '__package__': '', '__loader__': None, '__spec__': None, '__file__': 'c:\\Users\\hp...
         └ <code object <module> at 0x0000020B9F4D4A90, file "c:\Users\hp\Documents\CODE\twitter_spotter_v4\main.py", line 1>

  File "c:\Users\hp\Documents\CODE\twitter_spotter_v4\main.py", line 179, in <module>
    asyncio.run(run_periodically())
    │       │   └ <function run_periodically at 0x0000020BA3071EE0>
    │       └ <function run at 0x0000020B9D000680>
    └ <module 'asyncio' from 'c:\\Users\\hp\\.conda\\envs\\twitter_bot\\Lib\\asyncio\\__init__.py'>

  File "c:\Users\hp\.conda\envs\twitter_bot\Lib\asyncio\runners.py", line 194, in run
    return runner.run(main)
           │      │   └ <coroutine object run_periodically at 0x0000020BA3084200>
           │      └ <function Runner.run at 0x0000020BA060CF40>
           └ <asyncio.runners.Runner object at 0x0000020BA3088260>
  File "c:\Users\hp\.conda\envs\twitter_bot\Lib\asyncio\runners.py", line 118, in run
    return self._loop.run_until_complete(task)
           │    │     │                  └ <Task pending name='Task-1' coro=<run_periodically() running at c:\Users\hp\Documents\CODE\twitter_spotter_v4\main.py:172> wa...
           │    │     └ <function BaseEventLoop.run_until_complete at 0x0000020BA060AA20>
           │    └ <ProactorEventLoop running=True closed=False debug=False>
           └ <asyncio.runners.Runner object at 0x0000020BA3088260>
  File "c:\Users\hp\.conda\envs\twitter_bot\Lib\asyncio\base_events.py", line 673, in run_until_complete
    self.run_forever()
    │    └ <function ProactorEventLoop.run_forever at 0x0000020BA0694180>
    └ <ProactorEventLoop running=True closed=False debug=False>
  File "c:\Users\hp\.conda\envs\twitter_bot\Lib\asyncio\windows_events.py", line 322, in run_forever
    super().run_forever()
  File "c:\Users\hp\.conda\envs\twitter_bot\Lib\asyncio\base_events.py", line 640, in run_forever
    self._run_once()
    │    └ <function BaseEventLoop._run_once at 0x0000020BA060C7C0>
    └ <ProactorEventLoop running=True closed=False debug=False>
  File "c:\Users\hp\.conda\envs\twitter_bot\Lib\asyncio\base_events.py", line 1992, in _run_once
    handle._run()
    │      └ <function Handle._run at 0x0000020B9FD589A0>
    └ <Handle <_asyncio.TaskStepMethWrapper object at 0x0000020BA30A7E20>()>
  File "c:\Users\hp\.conda\envs\twitter_bot\Lib\asyncio\events.py", line 88, in _run
    self._context.run(self._callback, *self._args)
    │    │            │    │           │    └ <member '_args' of 'Handle' objects>
    │    │            │    │           └ <Handle <_asyncio.TaskStepMethWrapper object at 0x0000020BA30A7E20>()>
    │    │            │    └ <member '_callback' of 'Handle' objects>
    │    │            └ <Handle <_asyncio.TaskStepMethWrapper object at 0x0000020BA30A7E20>()>
    │    └ <member '_context' of 'Handle' objects>
    └ <Handle <_asyncio.TaskStepMethWrapper object at 0x0000020BA30A7E20>()>

> File "c:\Users\hp\Documents\CODE\twitter_spotter_v4\socials\telegram.py", line 111, in send_message_task
    await send_flight_update(chat_id, flight_data, image_path)
          │                  │        │            └ 'socials/temp_image.jpg'
          │                  │        └ {'flight_name': 'RYR3186', 'registration': None, 'aircraft_name': 'Boeing 737 MAX 8', 'aircraft_icao': None, 'airline': 'RYR'...
          │                  └ '-1002116996158'
          └ <function send_flight_update at 0x0000020BA3010D60>

  File "c:\Users\hp\Documents\CODE\twitter_spotter_v4\socials\telegram.py", line 34, in send_flight_update
    message = generate_flight_message(flight_data)
              │                       └ {'flight_name': 'RYR3186', 'registration': None, 'aircraft_name': 'Boeing 737 MAX 8', 'aircraft_icao': None, 'airline': 'RYR'...
              └ <function generate_flight_message at 0x0000020BA30105E0>

  File "c:\Users\hp\Documents\CODE\twitter_spotter_v4\socials\telegram.py", line 20, in generate_flight_message
    message += f"Aircraft: {flight_data['aircraft']}\n"
    │                       └ {'flight_name': 'RYR3186', 'registration': None, 'aircraft_name': 'Boeing 737 MAX 8', 'aircraft_icao': None, 'airline': 'RYR'...
    └ '✈️ Flight Information:\n\nFlight: RYR3186\nRegistration: None\n'

KeyError: 'aircraft'
2025-02-14 13:49:12.744 | ERROR    | utils.image_finder:get_first_image_url_jp:50 - Failed: HTTP 403
2025-02-14 13:49:17.990 | WARNING  | socials.telegram:send_message_task:101 - Scheduled time for flight UAE142 is in the past, sending immediately
2025-02-14 13:49:17.990 | ERROR    | socials.telegram:send_message_task:113 - Failed to send Telegram message for flight UAE142: 'aircraft'
2025-02-14 13:49:17.990 | ERROR    | socials.telegram:send_message_task:114 - Exception details:'aircraft'
Traceback (most recent call last):

  File "c:\Users\hp\.conda\envs\twitter_bot\Lib\runpy.py", line 198, in _run_module_as_main
    return _run_code(code, main_globals, None,
           │         │     └ {'__name__': '__main__', '__doc__': None, '__package__': '', '__loader__': <_frozen_importlib_external.SourceFileLoader objec...
           │         └ <code object <module> at 0x0000020B9D325610, file "c:\Users\hp\.cursor\extensions\ms-python.debugpy-2024.6.0-win32-x64\bundle...
           └ <function _run_code at 0x0000020B9D346700>
  File "c:\Users\hp\.conda\envs\twitter_bot\Lib\runpy.py", line 88, in _run_code
    exec(code, run_globals)
         │     └ {'__name__': '__main__', '__doc__': None, '__package__': '', '__loader__': <_frozen_importlib_external.SourceFileLoader objec...
         └ <code object <module> at 0x0000020B9D325610, file "c:\Users\hp\.cursor\extensions\ms-python.debugpy-2024.6.0-win32-x64\bundle...

  File "c:\Users\hp\.cursor\extensions\ms-python.debugpy-2024.6.0-win32-x64\bundled\libs\debugpy\adapter/../..\debugpy\launcher/../..\debugpy\__main__.py", line 39, in <module>
    cli.main()
    │   └ <function main at 0x0000020B9FB97600>
    └ <module 'debugpy.server.cli' from 'c:\\Users\\hp\\.cursor\\extensions\\ms-python.debugpy-2024.6.0-win32-x64\\bundled\\libs\\d...

  File "c:\Users\hp\.cursor\extensions\ms-python.debugpy-2024.6.0-win32-x64\bundled\libs\debugpy\adapter/../..\debugpy\launcher/../..\debugpy/..\debugpy\server\cli.py", line 430, in main
    run()
    └ <function run_file at 0x0000020B9FB97380>

  File "c:\Users\hp\.cursor\extensions\ms-python.debugpy-2024.6.0-win32-x64\bundled\libs\debugpy\adapter/../..\debugpy\launcher/../..\debugpy/..\debugpy\server\cli.py", line 284, in run_file
    runpy.run_path(target, run_name="__main__")
    │     │        └ 'c:\\Users\\hp\\Documents\\CODE\\twitter_spotter_v4\\main.py'
    │     └ <function run_path at 0x0000020B9F7C6200>
    └ <module '_pydevd_bundle.pydevd_runpy' from 'c:\\Users\\hp\\.cursor\\extensions\\ms-python.debugpy-2024.6.0-win32-x64\\bundled...

  File "c:\Users\hp\.cursor\extensions\ms-python.debugpy-2024.6.0-win32-x64\bundled\libs\debugpy\_vendored\pydevd\_pydevd_bundle\pydevd_runpy.py", line 321, in run_path
    return _run_module_code(code, init_globals, run_name,
           │                │     │             └ '__main__'
           │                │     └ None
           │                └ <code object <module> at 0x0000020B9F4D4A90, file "c:\Users\hp\Documents\CODE\twitter_spotter_v4\main.py", line 1>
           └ <function _run_module_code at 0x0000020B9F7C5E40>

  File "c:\Users\hp\.cursor\extensions\ms-python.debugpy-2024.6.0-win32-x64\bundled\libs\debugpy\_vendored\pydevd\_pydevd_bundle\pydevd_runpy.py", line 135, in _run_module_code
    _run_code(code, mod_globals, init_globals,
    │         │     │            └ None
    │         │     └ {'__name__': '__main__', '__doc__': None, '__package__': '', '__loader__': None, '__spec__': None, '__file__': 'c:\\Users\\hp...
    │         └ <code object <module> at 0x0000020B9F4D4A90, file "c:\Users\hp\Documents\CODE\twitter_spotter_v4\main.py", line 1>
    └ <function _run_code at 0x0000020B9F7C59E0>

  File "c:\Users\hp\.cursor\extensions\ms-python.debugpy-2024.6.0-win32-x64\bundled\libs\debugpy\_vendored\pydevd\_pydevd_bundle\pydevd_runpy.py", line 124, in _run_code
    exec(code, run_globals)
         │     └ {'__name__': '__main__', '__doc__': None, '__package__': '', '__loader__': None, '__spec__': None, '__file__': 'c:\\Users\\hp...
         └ <code object <module> at 0x0000020B9F4D4A90, file "c:\Users\hp\Documents\CODE\twitter_spotter_v4\main.py", line 1>

  File "c:\Users\hp\Documents\CODE\twitter_spotter_v4\main.py", line 179, in <module>
    asyncio.run(run_periodically())
    │       │   └ <function run_periodically at 0x0000020BA3071EE0>
    │       └ <function run at 0x0000020B9D000680>
    └ <module 'asyncio' from 'c:\\Users\\hp\\.conda\\envs\\twitter_bot\\Lib\\asyncio\\__init__.py'>

  File "c:\Users\hp\.conda\envs\twitter_bot\Lib\asyncio\runners.py", line 194, in run
    return runner.run(main)
           │      │   └ <coroutine object run_periodically at 0x0000020BA3084200>
           │      └ <function Runner.run at 0x0000020BA060CF40>
           └ <asyncio.runners.Runner object at 0x0000020BA3088260>
  File "c:\Users\hp\.conda\envs\twitter_bot\Lib\asyncio\runners.py", line 118, in run
    return self._loop.run_until_complete(task)
           │    │     │                  └ <Task pending name='Task-1' coro=<run_periodically() running at c:\Users\hp\Documents\CODE\twitter_spotter_v4\main.py:172> wa...
           │    │     └ <function BaseEventLoop.run_until_complete at 0x0000020BA060AA20>
           │    └ <ProactorEventLoop running=True closed=False debug=False>
           └ <asyncio.runners.Runner object at 0x0000020BA3088260>
  File "c:\Users\hp\.conda\envs\twitter_bot\Lib\asyncio\base_events.py", line 673, in run_until_complete
    self.run_forever()
    │    └ <function ProactorEventLoop.run_forever at 0x0000020BA0694180>
    └ <ProactorEventLoop running=True closed=False debug=False>
  File "c:\Users\hp\.conda\envs\twitter_bot\Lib\asyncio\windows_events.py", line 322, in run_forever
    super().run_forever()
  File "c:\Users\hp\.conda\envs\twitter_bot\Lib\asyncio\base_events.py", line 640, in run_forever
    self._run_once()
    │    └ <function BaseEventLoop._run_once at 0x0000020BA060C7C0>
    └ <ProactorEventLoop running=True closed=False debug=False>
  File "c:\Users\hp\.conda\envs\twitter_bot\Lib\asyncio\base_events.py", line 1992, in _run_once
    handle._run()
    │      └ <function Handle._run at 0x0000020B9FD589A0>
    └ <Handle <_asyncio.TaskStepMethWrapper object at 0x0000020BA3148FA0>()>
  File "c:\Users\hp\.conda\envs\twitter_bot\Lib\asyncio\events.py", line 88, in _run
    self._context.run(self._callback, *self._args)
    │    │            │    │           │    └ <member '_args' of 'Handle' objects>
    │    │            │    │           └ <Handle <_asyncio.TaskStepMethWrapper object at 0x0000020BA3148FA0>()>
    │    │            │    └ <member '_callback' of 'Handle' objects>
    │    │            └ <Handle <_asyncio.TaskStepMethWrapper object at 0x0000020BA3148FA0>()>
    │    └ <member '_context' of 'Handle' objects>
    └ <Handle <_asyncio.TaskStepMethWrapper object at 0x0000020BA3148FA0>()>

> File "c:\Users\hp\Documents\CODE\twitter_spotter_v4\socials\telegram.py", line 111, in send_message_task
    await send_flight_update(chat_id, flight_data, image_path)
          │                  │        │            └ 'socials/temp_image.jpg'
          │                  │        └ {'flight_name': 'UAE142', 'registration': None, 'aircraft_name': 'Airbus A380-800', 'aircraft_icao': None, 'airline': 'UAE', ...
          │                  └ '-1002116996158'
          └ <function send_flight_update at 0x0000020BA3010D60>

  File "c:\Users\hp\Documents\CODE\twitter_spotter_v4\socials\telegram.py", line 34, in send_flight_update
    message = generate_flight_message(flight_data)
              │                       └ {'flight_name': 'UAE142', 'registration': None, 'aircraft_name': 'Airbus A380-800', 'aircraft_icao': None, 'airline': 'UAE', ...
              └ <function generate_flight_message at 0x0000020BA30105E0>

  File "c:\Users\hp\Documents\CODE\twitter_spotter_v4\socials\telegram.py", line 20, in generate_flight_message
    message += f"Aircraft: {flight_data['aircraft']}\n"
    │                       └ {'flight_name': 'UAE142', 'registration': None, 'aircraft_name': 'Airbus A380-800', 'aircraft_icao': None, 'airline': 'UAE', ...
    └ '✈️ Flight Information:\n\nFlight: UAE142\nRegistration: None\n'

KeyError: 'aircraft'
2025-02-14 13:49:22.903 | WARNING  | socials.telegram:send_message_task:101 - Scheduled time for flight RYR28NZ is in the past, sending immediately
2025-02-14 13:49:22.906 | ERROR    | socials.telegram:send_message_task:113 - Failed to send Telegram message for flight RYR28NZ: 'aircraft'
2025-02-14 13:49:22.907 | ERROR    | socials.telegram:send_message_task:114 - Exception details:'aircraft'
Traceback (most recent call last):

  File "c:\Users\hp\.conda\envs\twitter_bot\Lib\runpy.py", line 198, in _run_module_as_main
    return _run_code(code, main_globals, None,
           │         │     └ {'__name__': '__main__', '__doc__': None, '__package__': '', '__loader__': <_frozen_importlib_external.SourceFileLoader objec...
           │         └ <code object <module> at 0x0000020B9D325610, file "c:\Users\hp\.cursor\extensions\ms-python.debugpy-2024.6.0-win32-x64\bundle...
           └ <function _run_code at 0x0000020B9D346700>
  File "c:\Users\hp\.conda\envs\twitter_bot\Lib\runpy.py", line 88, in _run_code
    exec(code, run_globals)
         │     └ {'__name__': '__main__', '__doc__': None, '__package__': '', '__loader__': <_frozen_importlib_external.SourceFileLoader objec...
         └ <code object <module> at 0x0000020B9D325610, file "c:\Users\hp\.cursor\extensions\ms-python.debugpy-2024.6.0-win32-x64\bundle...

  File "c:\Users\hp\.cursor\extensions\ms-python.debugpy-2024.6.0-win32-x64\bundled\libs\debugpy\adapter/../..\debugpy\launcher/../..\debugpy\__main__.py", line 39, in <module>
    cli.main()
    │   └ <function main at 0x0000020B9FB97600>
    └ <module 'debugpy.server.cli' from 'c:\\Users\\hp\\.cursor\\extensions\\ms-python.debugpy-2024.6.0-win32-x64\\bundled\\libs\\d...

  File "c:\Users\hp\.cursor\extensions\ms-python.debugpy-2024.6.0-win32-x64\bundled\libs\debugpy\adapter/../..\debugpy\launcher/../..\debugpy/..\debugpy\server\cli.py", line 430, in main
    run()
    └ <function run_file at 0x0000020B9FB97380>

  File "c:\Users\hp\.cursor\extensions\ms-python.debugpy-2024.6.0-win32-x64\bundled\libs\debugpy\adapter/../..\debugpy\launcher/../..\debugpy/..\debugpy\server\cli.py", line 284, in run_file
    runpy.run_path(target, run_name="__main__")
    │     │        └ 'c:\\Users\\hp\\Documents\\CODE\\twitter_spotter_v4\\main.py'
    │     └ <function run_path at 0x0000020B9F7C6200>
    └ <module '_pydevd_bundle.pydevd_runpy' from 'c:\\Users\\hp\\.cursor\\extensions\\ms-python.debugpy-2024.6.0-win32-x64\\bundled...

  File "c:\Users\hp\.cursor\extensions\ms-python.debugpy-2024.6.0-win32-x64\bundled\libs\debugpy\_vendored\pydevd\_pydevd_bundle\pydevd_runpy.py", line 321, in run_path
    return _run_module_code(code, init_globals, run_name,
           │                │     │             └ '__main__'
           │                │     └ None
           │                └ <code object <module> at 0x0000020B9F4D4A90, file "c:\Users\hp\Documents\CODE\twitter_spotter_v4\main.py", line 1>
           └ <function _run_module_code at 0x0000020B9F7C5E40>

  File "c:\Users\hp\.cursor\extensions\ms-python.debugpy-2024.6.0-win32-x64\bundled\libs\debugpy\_vendored\pydevd\_pydevd_bundle\pydevd_runpy.py", line 135, in _run_module_code
    _run_code(code, mod_globals, init_globals,
    │         │     │            └ None
    │         │     └ {'__name__': '__main__', '__doc__': None, '__package__': '', '__loader__': None, '__spec__': None, '__file__': 'c:\\Users\\hp...
    │         └ <code object <module> at 0x0000020B9F4D4A90, file "c:\Users\hp\Documents\CODE\twitter_spotter_v4\main.py", line 1>
    └ <function _run_code at 0x0000020B9F7C59E0>

  File "c:\Users\hp\.cursor\extensions\ms-python.debugpy-2024.6.0-win32-x64\bundled\libs\debugpy\_vendored\pydevd\_pydevd_bundle\pydevd_runpy.py", line 124, in _run_code
    exec(code, run_globals)
         │     └ {'__name__': '__main__', '__doc__': None, '__package__': '', '__loader__': None, '__spec__': None, '__file__': 'c:\\Users\\hp...
         └ <code object <module> at 0x0000020B9F4D4A90, file "c:\Users\hp\Documents\CODE\twitter_spotter_v4\main.py", line 1>

  File "c:\Users\hp\Documents\CODE\twitter_spotter_v4\main.py", line 179, in <module>
    asyncio.run(run_periodically())
    │       │   └ <function run_periodically at 0x0000020BA3071EE0>
    │       └ <function run at 0x0000020B9D000680>
    └ <module 'asyncio' from 'c:\\Users\\hp\\.conda\\envs\\twitter_bot\\Lib\\asyncio\\__init__.py'>

  File "c:\Users\hp\.conda\envs\twitter_bot\Lib\asyncio\runners.py", line 194, in run
    return runner.run(main)
           │      │   └ <coroutine object run_periodically at 0x0000020BA3084200>
           │      └ <function Runner.run at 0x0000020BA060CF40>
           └ <asyncio.runners.Runner object at 0x0000020BA3088260>
  File "c:\Users\hp\.conda\envs\twitter_bot\Lib\asyncio\runners.py", line 118, in run
    return self._loop.run_until_complete(task)
           │    │     │                  └ <Task pending name='Task-1' coro=<run_periodically() running at c:\Users\hp\Documents\CODE\twitter_spotter_v4\main.py:172> wa...
           │    │     └ <function BaseEventLoop.run_until_complete at 0x0000020BA060AA20>
           │    └ <ProactorEventLoop running=True closed=False debug=False>
           └ <asyncio.runners.Runner object at 0x0000020BA3088260>
  File "c:\Users\hp\.conda\envs\twitter_bot\Lib\asyncio\base_events.py", line 673, in run_until_complete
    self.run_forever()
    │    └ <function ProactorEventLoop.run_forever at 0x0000020BA0694180>
    └ <ProactorEventLoop running=True closed=False debug=False>
  File "c:\Users\hp\.conda\envs\twitter_bot\Lib\asyncio\windows_events.py", line 322, in run_forever
    super().run_forever()
  File "c:\Users\hp\.conda\envs\twitter_bot\Lib\asyncio\base_events.py", line 640, in run_forever
    self._run_once()
    │    └ <function BaseEventLoop._run_once at 0x0000020BA060C7C0>
    └ <ProactorEventLoop running=True closed=False debug=False>
  File "c:\Users\hp\.conda\envs\twitter_bot\Lib\asyncio\base_events.py", line 1992, in _run_once
    handle._run()
    │      └ <function Handle._run at 0x0000020B9FD589A0>
    └ <Handle <_asyncio.TaskStepMethWrapper object at 0x0000020BA556A380>()>
  File "c:\Users\hp\.conda\envs\twitter_bot\Lib\asyncio\events.py", line 88, in _run
    self._context.run(self._callback, *self._args)
    │    │            │    │           │    └ <member '_args' of 'Handle' objects>
    │    │            │    │           └ <Handle <_asyncio.TaskStepMethWrapper object at 0x0000020BA556A380>()>
    │    │            │    └ <member '_callback' of 'Handle' objects>
    │    │            └ <Handle <_asyncio.TaskStepMethWrapper object at 0x0000020BA556A380>()>
    │    └ <member '_context' of 'Handle' objects>
    └ <Handle <_asyncio.TaskStepMethWrapper object at 0x0000020BA556A380>()>

> File "c:\Users\hp\Documents\CODE\twitter_spotter_v4\socials\telegram.py", line 111, in send_message_task
    await send_flight_update(chat_id, flight_data, image_path)
          │                  │        │            └ 'socials/temp_image.jpg'
          │                  │        └ {'flight_name': 'RYR28NZ', 'registration': None, 'aircraft_name': None, 'aircraft_icao': 'B38M', 'airline': 'RYR', 'airline_n...
          │                  └ '-1002116996158'
          └ <function send_flight_update at 0x0000020BA3010D60>

  File "c:\Users\hp\Documents\CODE\twitter_spotter_v4\socials\telegram.py", line 34, in send_flight_update
    message = generate_flight_message(flight_data)
              │                       └ {'flight_name': 'RYR28NZ', 'registration': None, 'aircraft_name': None, 'aircraft_icao': 'B38M', 'airline': 'RYR', 'airline_n...
              └ <function generate_flight_message at 0x0000020BA30105E0>

  File "c:\Users\hp\Documents\CODE\twitter_spotter_v4\socials\telegram.py", line 20, in generate_flight_message
    message += f"Aircraft: {flight_data['aircraft']}\n"
    │                       └ {'flight_name': 'RYR28NZ', 'registration': None, 'aircraft_name': None, 'aircraft_icao': 'B38M', 'airline': 'RYR', 'airline_n...
    └ '✈️ Flight Information:\n\nFlight: RYR28NZ\nRegistration: None\n'

KeyError: 'aircraft'
2025-02-14 13:50:50.538 | ERROR    | utils.data_processing:process_flight_data_adb:49 - Failed to parse scheduled time: 'revisedTime'
2025-02-14 13:50:50.543 | WARNING  | utils.data_processing:process_flight_data_adb:23 - Failed to construct flight name: 'icao'
2025-02-14 13:50:58.099 | ERROR    | utils.image_finder:get_first_image_url_jp:50 - Failed: HTTP 403
2025-02-14 13:51:02.391 | WARNING  | socials.telegram:send_message_task:101 - Scheduled time for flight RYR4TP is in the past, sending immediately
2025-02-14 13:51:09.374 | WARNING  | socials.telegram:send_message_task:101 - Scheduled time for flight QTR149 is in the past, sending immediately
2025-02-14 13:51:23.475 | ERROR    | utils.image_finder:get_first_image_url_jp:50 - Failed: HTTP 403
2025-02-14 13:51:29.371 | WARNING  | socials.telegram:send_message_task:101 - Scheduled time for flight RYR5994 is in the past, sending immediately
2025-02-14 13:51:36.549 | WARNING  | socials.telegram:send_message_task:101 - Scheduled time for flight RYR1YY is in the past, sending immediately
2025-02-14 13:52:48.876 | ERROR    | utils.data_processing:process_flight_data_adb:49 - Failed to parse scheduled time: 'revisedTime'
2025-02-14 13:52:48.876 | WARNING  | utils.data_processing:process_flight_data_adb:23 - Failed to construct flight name: 'icao'
2025-02-14 13:53:00.826 | WARNING  | socials.telegram:send_message_task:101 - Scheduled time for flight RYR4TP is in the past, sending immediately
2025-02-14 13:53:13.094 | WARNING  | socials.telegram:send_message_task:101 - Scheduled time for flight QTR149 is in the past, sending immediately
2025-02-14 13:53:13.096 | WARNING  | socials.telegram:send_flight_update:55 - No valid image file found at socials/temp_image.jpg, sending text only
2025-02-14 13:53:17.582 | ERROR    | utils.image_finder:get_first_image_url_jp:50 - Failed: HTTP 403
2025-02-14 13:53:21.856 | WARNING  | socials.telegram:send_message_task:101 - Scheduled time for flight RYR5994 is in the past, sending immediately
2025-02-14 13:53:21.859 | WARNING  | socials.telegram:send_flight_update:55 - No valid image file found at socials/temp_image.jpg, sending text only
2025-02-14 13:53:26.650 | WARNING  | socials.telegram:send_message_task:101 - Scheduled time for flight RYR1YY is in the past, sending immediately
2025-02-14 13:53:35.231 | ERROR    | utils.image_finder:get_first_image_url_jp:50 - Failed: HTTP 403
2025-02-14 13:53:41.233 | WARNING  | socials.telegram:send_message_task:101 - Scheduled time for flight RYR9602 is in the past, sending immediately
2025-02-14 13:53:41.233 | WARNING  | socials.telegram:send_flight_update:55 - No valid image file found at socials/temp_image.jpg, sending text only
2025-02-14 13:53:48.344 | ERROR    | utils.image_finder:get_first_image_url_jp:50 - Failed: HTTP 403
2025-02-14 13:53:54.367 | WARNING  | socials.telegram:send_message_task:101 - Scheduled time for flight RYR3186 is in the past, sending immediately
2025-02-14 13:53:54.367 | WARNING  | socials.telegram:send_flight_update:55 - No valid image file found at socials/temp_image.jpg, sending text only
2025-02-14 13:54:02.473 | WARNING  | socials.telegram:send_message_task:101 - Scheduled time for flight UAE142 is in the past, sending immediately
2025-02-14 13:54:02.475 | WARNING  | socials.telegram:send_flight_update:55 - No valid image file found at socials/temp_image.jpg, sending text only
2025-02-14 13:54:09.966 | WARNING  | socials.telegram:send_message_task:101 - Scheduled time for flight RYR28NZ is in the past, sending immediately
2025-02-14 13:54:09.968 | WARNING  | socials.telegram:send_flight_update:55 - No valid image file found at socials/temp_image.jpg, sending text only
2025-02-14 13:54:16.944 | WARNING  | socials.telegram:send_message_task:101 - Scheduled time for flight RYR1AP is in the past, sending immediately
2025-02-14 13:54:16.944 | WARNING  | socials.telegram:send_flight_update:55 - No valid image file found at socials/temp_image.jpg, sending text only
2025-02-14 13:54:24.445 | WARNING  | socials.telegram:send_message_task:101 - Scheduled time for flight UAE51P is in the past, sending immediately
2025-02-14 13:54:33.464 | ERROR    | utils.image_finder:get_first_image_url_jp:50 - Failed: HTTP 403
2025-02-14 13:54:38.536 | WARNING  | socials.telegram:send_message_task:101 - Scheduled time for flight RYR2BJ is in the past, sending immediately
2025-02-14 13:54:38.536 | WARNING  | socials.telegram:send_flight_update:55 - No valid image file found at socials/temp_image.jpg, sending text only
2025-02-14 13:54:44.946 | WARNING  | socials.telegram:send_message_task:101 - Scheduled time for flight QTR9U is in the past, sending immediately
2025-02-14 13:54:44.946 | WARNING  | socials.telegram:send_flight_update:55 - No valid image file found at socials/temp_image.jpg, sending text only
2025-02-15 09:12:57.656 | ERROR    | __main__:main:87 - Error procesando vuelo 'NoneType' object has no attribute 'split'
2025-02-15 09:12:57.659 | ERROR    | __main__:main:87 - Error procesando vuelo 'NoneType' object has no attribute 'split'
2025-02-15 09:12:57.660 | ERROR    | __main__:main:87 - Error procesando vuelo 'NoneType' object has no attribute 'split'
2025-02-15 09:12:57.661 | ERROR    | __main__:main:87 - Error procesando vuelo 'NoneType' object has no attribute 'split'
2025-02-15 09:12:57.666 | ERROR    | __main__:main:87 - Error procesando vuelo 'NoneType' object has no attribute 'split'
2025-02-15 09:12:57.671 | ERROR    | __main__:main:87 - Error procesando vuelo 'NoneType' object has no attribute 'split'
2025-02-15 09:12:57.675 | ERROR    | __main__:main:87 - Error procesando vuelo 'NoneType' object has no attribute 'split'
2025-02-15 09:12:57.677 | ERROR    | __main__:main:87 - Error procesando vuelo 'NoneType' object has no attribute 'split'
2025-02-15 09:12:57.681 | ERROR    | __main__:main:87 - Error procesando vuelo 'NoneType' object has no attribute 'split'
2025-02-15 09:12:57.682 | ERROR    | __main__:main:87 - Error procesando vuelo 'NoneType' object has no attribute 'split'
2025-02-15 09:12:57.683 | ERROR    | __main__:main:87 - Error procesando vuelo 'NoneType' object has no attribute 'split'
2025-02-15 09:12:57.686 | ERROR    | __main__:main:87 - Error procesando vuelo 'NoneType' object has no attribute 'split'
2025-02-15 09:12:57.686 | ERROR    | __main__:main:87 - Error procesando vuelo 'NoneType' object has no attribute 'split'
2025-02-15 09:12:57.689 | ERROR    | __main__:main:87 - Error procesando vuelo 'NoneType' object has no attribute 'split'
2025-02-15 09:12:57.692 | ERROR    | __main__:main:87 - Error procesando vuelo 'NoneType' object has no attribute 'split'
2025-02-15 09:12:57.695 | ERROR    | __main__:main:87 - Error procesando vuelo 'NoneType' object has no attribute 'split'
2025-02-15 09:12:57.698 | ERROR    | __main__:main:87 - Error procesando vuelo 'NoneType' object has no attribute 'split'
2025-02-15 09:12:57.702 | ERROR    | __main__:main:87 - Error procesando vuelo 'NoneType' object has no attribute 'split'
2025-02-15 09:12:57.703 | ERROR    | __main__:main:87 - Error procesando vuelo 'NoneType' object has no attribute 'split'
2025-02-15 09:12:57.703 | ERROR    | __main__:main:87 - Error procesando vuelo 'NoneType' object has no attribute 'split'
2025-02-15 09:12:57.707 | ERROR    | __main__:main:87 - Error procesando vuelo 'NoneType' object has no attribute 'split'
2025-02-15 09:12:57.711 | ERROR    | __main__:main:87 - Error procesando vuelo 'NoneType' object has no attribute 'split'
2025-02-15 09:12:57.713 | ERROR    | __main__:main:87 - Error procesando vuelo 'NoneType' object has no attribute 'split'
2025-02-15 09:12:57.715 | ERROR    | __main__:main:87 - Error procesando vuelo 'NoneType' object has no attribute 'split'
2025-02-15 09:12:57.717 | ERROR    | __main__:main:87 - Error procesando vuelo 'NoneType' object has no attribute 'split'
2025-02-15 09:12:57.719 | ERROR    | __main__:main:87 - Error procesando vuelo 'NoneType' object has no attribute 'split'
2025-02-15 09:12:57.723 | ERROR    | __main__:main:87 - Error procesando vuelo 'NoneType' object has no attribute 'split'
2025-02-15 09:12:57.726 | ERROR    | __main__:main:87 - Error procesando vuelo 'NoneType' object has no attribute 'split'
2025-02-15 09:12:57.727 | ERROR    | __main__:main:87 - Error procesando vuelo 'NoneType' object has no attribute 'split'
2025-02-15 09:12:57.729 | ERROR    | __main__:main:87 - Error procesando vuelo 'NoneType' object has no attribute 'split'
2025-02-15 09:12:57.730 | ERROR    | __main__:main:87 - Error procesando vuelo 'NoneType' object has no attribute 'split'
2025-02-15 09:12:57.733 | ERROR    | __main__:main:87 - Error procesando vuelo 'NoneType' object has no attribute 'split'
2025-02-15 09:12:57.734 | ERROR    | __main__:main:87 - Error procesando vuelo 'NoneType' object has no attribute 'split'
2025-02-15 09:12:57.738 | ERROR    | __main__:main:87 - Error procesando vuelo 'NoneType' object has no attribute 'split'
2025-02-15 09:12:57.739 | ERROR    | __main__:main:87 - Error procesando vuelo 'NoneType' object has no attribute 'split'
2025-02-15 09:12:57.742 | ERROR    | __main__:main:87 - Error procesando vuelo 'NoneType' object has no attribute 'split'
2025-02-15 09:12:57.743 | ERROR    | __main__:main:87 - Error procesando vuelo 'NoneType' object has no attribute 'split'
2025-02-15 09:12:57.744 | ERROR    | __main__:main:87 - Error procesando vuelo 'NoneType' object has no attribute 'split'
2025-02-15 09:12:57.747 | ERROR    | __main__:main:87 - Error procesando vuelo 'NoneType' object has no attribute 'split'
2025-02-15 09:12:57.749 | ERROR    | __main__:main:87 - Error procesando vuelo 'NoneType' object has no attribute 'split'
2025-02-15 09:12:57.751 | ERROR    | __main__:main:87 - Error procesando vuelo 'NoneType' object has no attribute 'split'
2025-02-15 09:12:57.753 | ERROR    | __main__:main:87 - Error procesando vuelo 'NoneType' object has no attribute 'split'
2025-02-15 09:12:57.755 | ERROR    | __main__:main:87 - Error procesando vuelo 'NoneType' object has no attribute 'split'
2025-02-15 09:12:57.757 | ERROR    | __main__:main:87 - Error procesando vuelo 'NoneType' object has no attribute 'split'
2025-02-15 09:12:57.758 | ERROR    | __main__:main:87 - Error procesando vuelo 'NoneType' object has no attribute 'split'
2025-02-15 09:12:57.760 | ERROR    | __main__:main:87 - Error procesando vuelo 'NoneType' object has no attribute 'split'
2025-02-15 09:12:57.763 | ERROR    | __main__:main:87 - Error procesando vuelo 'NoneType' object has no attribute 'split'
2025-02-15 09:12:57.764 | ERROR    | __main__:main:87 - Error procesando vuelo 'NoneType' object has no attribute 'split'
2025-02-15 09:12:57.764 | ERROR    | __main__:main:87 - Error procesando vuelo 'NoneType' object has no attribute 'split'
2025-02-15 09:12:57.766 | ERROR    | __main__:main:87 - Error procesando vuelo 'NoneType' object has no attribute 'split'
2025-02-15 09:12:57.767 | ERROR    | __main__:main:87 - Error procesando vuelo 'NoneType' object has no attribute 'split'
2025-02-15 09:12:57.770 | ERROR    | __main__:main:87 - Error procesando vuelo 'NoneType' object has no attribute 'split'
2025-02-15 09:12:57.771 | ERROR    | __main__:main:87 - Error procesando vuelo 'NoneType' object has no attribute 'split'
2025-02-15 09:12:57.774 | ERROR    | __main__:main:87 - Error procesando vuelo 'NoneType' object has no attribute 'split'
2025-02-15 09:12:57.775 | ERROR    | __main__:main:87 - Error procesando vuelo 'NoneType' object has no attribute 'split'
2025-02-15 09:12:57.777 | ERROR    | __main__:main:87 - Error procesando vuelo 'NoneType' object has no attribute 'split'
2025-02-15 09:12:57.779 | ERROR    | __main__:main:87 - Error procesando vuelo 'NoneType' object has no attribute 'split'
2025-02-15 09:12:57.781 | ERROR    | __main__:main:87 - Error procesando vuelo 'NoneType' object has no attribute 'split'
2025-02-15 09:12:57.783 | ERROR    | __main__:main:87 - Error procesando vuelo 'NoneType' object has no attribute 'split'
2025-02-15 09:12:57.784 | ERROR    | __main__:main:87 - Error procesando vuelo 'NoneType' object has no attribute 'split'
2025-02-15 09:12:57.886 | ERROR    | __main__:main:87 - Error procesando vuelo 'NoneType' object has no attribute 'split'
2025-02-15 09:12:57.888 | ERROR    | __main__:main:87 - Error procesando vuelo 'NoneType' object has no attribute 'split'
2025-02-15 09:12:57.889 | ERROR    | __main__:main:87 - Error procesando vuelo 'NoneType' object has no attribute 'split'
2025-02-15 09:12:57.889 | ERROR    | __main__:main:87 - Error procesando vuelo 'NoneType' object has no attribute 'split'
2025-02-15 09:12:57.893 | ERROR    | __main__:main:87 - Error procesando vuelo 'NoneType' object has no attribute 'split'
2025-02-15 09:12:57.894 | ERROR    | __main__:main:87 - Error procesando vuelo 'NoneType' object has no attribute 'split'
2025-02-15 09:12:57.897 | ERROR    | __main__:main:87 - Error procesando vuelo 'NoneType' object has no attribute 'split'
2025-02-15 09:12:57.899 | ERROR    | __main__:main:87 - Error procesando vuelo 'NoneType' object has no attribute 'split'
2025-02-15 09:12:57.901 | ERROR    | __main__:main:87 - Error procesando vuelo 'NoneType' object has no attribute 'split'
2025-02-15 09:12:57.902 | ERROR    | __main__:main:87 - Error procesando vuelo 'NoneType' object has no attribute 'split'
2025-02-15 09:12:57.904 | ERROR    | __main__:main:87 - Error procesando vuelo 'NoneType' object has no attribute 'split'
2025-02-15 09:12:57.906 | ERROR    | __main__:main:87 - Error procesando vuelo 'NoneType' object has no attribute 'split'
2025-02-15 09:12:57.908 | ERROR    | __main__:main:87 - Error procesando vuelo 'NoneType' object has no attribute 'split'
2025-02-15 09:12:57.909 | ERROR    | __main__:main:87 - Error procesando vuelo 'NoneType' object has no attribute 'split'
2025-02-15 09:12:57.911 | ERROR    | __main__:main:87 - Error procesando vuelo 'NoneType' object has no attribute 'split'
2025-02-15 09:12:57.913 | ERROR    | __main__:main:87 - Error procesando vuelo 'NoneType' object has no attribute 'split'
2025-02-15 09:12:57.916 | ERROR    | __main__:main:87 - Error procesando vuelo 'NoneType' object has no attribute 'split'
2025-02-15 09:12:57.917 | ERROR    | __main__:main:87 - Error procesando vuelo 'NoneType' object has no attribute 'split'
2025-02-15 09:12:57.919 | ERROR    | __main__:main:87 - Error procesando vuelo 'NoneType' object has no attribute 'split'
2025-02-15 09:12:57.921 | ERROR    | __main__:main:87 - Error procesando vuelo 'NoneType' object has no attribute 'split'
2025-02-15 09:12:57.923 | ERROR    | __main__:main:87 - Error procesando vuelo 'NoneType' object has no attribute 'split'
2025-02-15 09:12:57.925 | ERROR    | __main__:main:87 - Error procesando vuelo 'NoneType' object has no attribute 'split'
2025-02-15 09:12:57.926 | ERROR    | __main__:main:87 - Error procesando vuelo 'NoneType' object has no attribute 'split'
2025-02-15 09:12:57.928 | ERROR    | __main__:main:87 - Error procesando vuelo 'NoneType' object has no attribute 'split'
2025-02-15 09:12:57.929 | ERROR    | __main__:main:87 - Error procesando vuelo 'NoneType' object has no attribute 'split'
2025-02-15 09:12:57.931 | ERROR    | __main__:main:87 - Error procesando vuelo 'NoneType' object has no attribute 'split'
2025-02-15 09:12:57.934 | ERROR    | __main__:main:87 - Error procesando vuelo 'NoneType' object has no attribute 'split'
2025-02-15 09:12:57.935 | ERROR    | __main__:main:87 - Error procesando vuelo 'NoneType' object has no attribute 'split'
2025-02-15 09:12:57.936 | ERROR    | __main__:main:87 - Error procesando vuelo 'NoneType' object has no attribute 'split'
2025-02-15 09:12:57.938 | ERROR    | __main__:main:87 - Error procesando vuelo 'NoneType' object has no attribute 'split'
2025-02-15 09:12:57.938 | ERROR    | __main__:main:87 - Error procesando vuelo 'NoneType' object has no attribute 'split'
2025-02-15 09:12:57.941 | ERROR    | __main__:main:87 - Error procesando vuelo 'NoneType' object has no attribute 'split'
2025-02-15 09:12:57.942 | ERROR    | __main__:main:87 - Error procesando vuelo 'NoneType' object has no attribute 'split'
2025-02-15 09:12:57.943 | ERROR    | __main__:main:87 - Error procesando vuelo 'NoneType' object has no attribute 'split'
2025-02-15 09:12:57.945 | ERROR    | __main__:main:87 - Error procesando vuelo 'NoneType' object has no attribute 'split'
2025-02-15 09:12:57.946 | ERROR    | __main__:main:87 - Error procesando vuelo 'NoneType' object has no attribute 'split'
2025-02-15 09:12:57.949 | ERROR    | __main__:main:87 - Error procesando vuelo 'NoneType' object has no attribute 'split'
2025-02-15 09:12:57.950 | ERROR    | __main__:main:87 - Error procesando vuelo 'NoneType' object has no attribute 'split'
2025-02-15 09:12:57.952 | ERROR    | __main__:main:87 - Error procesando vuelo 'NoneType' object has no attribute 'split'
2025-02-15 09:12:57.953 | ERROR    | __main__:main:87 - Error procesando vuelo 'NoneType' object has no attribute 'split'
2025-02-15 09:12:57.955 | ERROR    | __main__:main:87 - Error procesando vuelo 'NoneType' object has no attribute 'split'
2025-02-15 09:12:57.957 | ERROR    | utils.data_processing:process_flight_data_adb:51 - Failed to parse scheduled time: 'revisedTime'
2025-02-15 09:12:57.958 | ERROR    | __main__:main:87 - Error procesando vuelo 'NoneType' object has no attribute 'split'
2025-02-15 09:12:57.959 | ERROR    | __main__:main:87 - Error procesando vuelo 'NoneType' object has no attribute 'split'
2025-02-15 09:12:57.961 | ERROR    | __main__:main:87 - Error procesando vuelo 'NoneType' object has no attribute 'split'
2025-02-15 09:12:57.962 | ERROR    | __main__:main:87 - Error procesando vuelo 'NoneType' object has no attribute 'split'
2025-02-15 09:12:57.965 | ERROR    | __main__:main:87 - Error procesando vuelo 'NoneType' object has no attribute 'split'
2025-02-15 09:12:57.967 | ERROR    | __main__:main:87 - Error procesando vuelo 'NoneType' object has no attribute 'split'
2025-02-15 09:12:57.968 | ERROR    | __main__:main:87 - Error procesando vuelo 'NoneType' object has no attribute 'split'
2025-02-15 11:03:04.387 | ERROR    | utils.data_processing:process_flight_data_adb:44 - Failed to parse scheduled time: 'revisedTime'
2025-02-15 11:03:13.802 | WARNING  | socials.telegram:send_message_task:101 - Scheduled time for flight RYR4TP is in the past, sending immediately
2025-02-15 11:47:25.244 | WARNING  | socials.telegram:send_message_task:101 - Scheduled time for flight null is in the past, sending immediately
2025-02-15 11:47:36.993 | WARNING  | socials.telegram:send_message_task:101 - Scheduled time for flight null is in the past, sending immediately
2025-02-15 11:47:44.013 | WARNING  | socials.telegram:send_message_task:101 - Scheduled time for flight RYR1YY is in the past, sending immediately
2025-02-15 11:47:50.389 | WARNING  | socials.telegram:send_message_task:101 - Scheduled time for flight null is in the past, sending immediately
2025-02-15 11:47:55.189 | WARNING  | socials.telegram:send_message_task:101 - Scheduled time for flight null is in the past, sending immediately
2025-02-15 11:48:04.515 | WARNING  | socials.telegram:send_message_task:101 - Scheduled time for flight null is in the past, sending immediately
2025-02-15 11:48:19.930 | WARNING  | socials.telegram:send_message_task:101 - Scheduled time for flight RYR28NZ is in the past, sending immediately
2025-02-15 11:48:19.937 | WARNING  | socials.telegram:send_flight_update:55 - No valid image file found at socials/temp_image.jpg, sending text only
2025-02-15 11:48:25.698 | ERROR    | utils.image_finder:get_first_image_url_jp:50 - Failed: HTTP 403
2025-02-15 11:48:31.720 | WARNING  | socials.telegram:send_message_task:101 - Scheduled time for flight RYR1AP is in the past, sending immediately
2025-02-15 11:48:31.722 | WARNING  | socials.telegram:send_flight_update:55 - No valid image file found at socials/temp_image.jpg, sending text only
2025-02-15 11:48:37.782 | WARNING  | socials.telegram:send_message_task:101 - Scheduled time for flight UAE51P is in the past, sending immediately
2025-02-15 11:48:44.172 | ERROR    | utils.image_finder:get_first_image_url_jp:50 - Failed: HTTP 403
2025-02-15 11:48:50.899 | WARNING  | socials.telegram:send_message_task:101 - Scheduled time for flight RYR2BJ is in the past, sending immediately
2025-02-15 11:48:50.900 | WARNING  | socials.telegram:send_flight_update:55 - No valid image file found at socials/temp_image.jpg, sending text only
2025-02-15 11:49:00.649 | WARNING  | socials.telegram:send_message_task:101 - Scheduled time for flight QTR9U is in the past, sending immediately
2025-02-15 11:49:00.650 | WARNING  | socials.telegram:send_flight_update:55 - No valid image file found at socials/temp_image.jpg, sending text only
2025-02-15 11:53:02.397 | ERROR    | utils.data_processing:process_flight_data_adb:44 - Failed to parse scheduled time: 'revisedTime'
2025-02-15 11:53:12.192 | WARNING  | socials.telegram:send_message_task:103 - Scheduled time for flight RYR4TP is in the past, sending immediately
2025-02-15 11:53:12.203 | ERROR    | socials.telegram:send_flight_update:82 - Failed to send Telegram message for flight RYR4TP: ExtBot.send_photo() got an unexpected keyword argument 'disable_web_page_preview'
2025-02-15 11:53:12.204 | ERROR    | socials.telegram:send_message_task:115 - Failed to send Telegram message for flight RYR4TP: ExtBot.send_photo() got an unexpected keyword argument 'disable_web_page_preview'
2025-02-15 11:53:12.205 | ERROR    | socials.telegram:send_message_task:116 - Exception details:ExtBot.send_photo() got an unexpected keyword argument 'disable_web_page_preview'
Traceback (most recent call last):

  File "c:\Users\hp\.conda\envs\twitter_bot\Lib\runpy.py", line 198, in _run_module_as_main
    return _run_code(code, main_globals, None,
           │         │     └ {'__name__': '__main__', '__doc__': None, '__package__': '', '__loader__': <_frozen_importlib_external.SourceFileLoader objec...
           │         └ <code object <module> at 0x00000225DDAC5610, file "c:\Users\hp\.cursor\extensions\ms-python.debugpy-2024.6.0-win32-x64\bundle...
           └ <function _run_code at 0x00000225DDAE6700>
  File "c:\Users\hp\.conda\envs\twitter_bot\Lib\runpy.py", line 88, in _run_code
    exec(code, run_globals)
         │     └ {'__name__': '__main__', '__doc__': None, '__package__': '', '__loader__': <_frozen_importlib_external.SourceFileLoader objec...
         └ <code object <module> at 0x00000225DDAC5610, file "c:\Users\hp\.cursor\extensions\ms-python.debugpy-2024.6.0-win32-x64\bundle...

  File "c:\Users\hp\.cursor\extensions\ms-python.debugpy-2024.6.0-win32-x64\bundled\libs\debugpy\adapter/../..\debugpy\launcher/../..\debugpy\__main__.py", line 39, in <module>
    cli.main()
    │   └ <function main at 0x00000225E0367600>
    └ <module 'debugpy.server.cli' from 'c:\\Users\\hp\\.cursor\\extensions\\ms-python.debugpy-2024.6.0-win32-x64\\bundled\\libs\\d...

  File "c:\Users\hp\.cursor\extensions\ms-python.debugpy-2024.6.0-win32-x64\bundled\libs\debugpy\adapter/../..\debugpy\launcher/../..\debugpy/..\debugpy\server\cli.py", line 430, in main
    run()
    └ <function run_file at 0x00000225E0367380>

  File "c:\Users\hp\.cursor\extensions\ms-python.debugpy-2024.6.0-win32-x64\bundled\libs\debugpy\adapter/../..\debugpy\launcher/../..\debugpy/..\debugpy\server\cli.py", line 284, in run_file
    runpy.run_path(target, run_name="__main__")
    │     │        └ 'c:\\Users\\hp\\Documents\\CODE\\twitter_spotter_v4\\main.py'
    │     └ <function run_path at 0x00000225DFF96200>
    └ <module '_pydevd_bundle.pydevd_runpy' from 'c:\\Users\\hp\\.cursor\\extensions\\ms-python.debugpy-2024.6.0-win32-x64\\bundled...

  File "c:\Users\hp\.cursor\extensions\ms-python.debugpy-2024.6.0-win32-x64\bundled\libs\debugpy\_vendored\pydevd\_pydevd_bundle\pydevd_runpy.py", line 321, in run_path
    return _run_module_code(code, init_globals, run_name,
           │                │     │             └ '__main__'
           │                │     └ None
           │                └ <code object <module> at 0x00000225DDDD0F40, file "c:\Users\hp\Documents\CODE\twitter_spotter_v4\main.py", line 1>
           └ <function _run_module_code at 0x00000225DFF95E40>

  File "c:\Users\hp\.cursor\extensions\ms-python.debugpy-2024.6.0-win32-x64\bundled\libs\debugpy\_vendored\pydevd\_pydevd_bundle\pydevd_runpy.py", line 135, in _run_module_code
    _run_code(code, mod_globals, init_globals,
    │         │     │            └ None
    │         │     └ {'__name__': '__main__', '__doc__': None, '__package__': '', '__loader__': None, '__spec__': None, '__file__': 'c:\\Users\\hp...
    │         └ <code object <module> at 0x00000225DDDD0F40, file "c:\Users\hp\Documents\CODE\twitter_spotter_v4\main.py", line 1>
    └ <function _run_code at 0x00000225DFF959E0>

  File "c:\Users\hp\.cursor\extensions\ms-python.debugpy-2024.6.0-win32-x64\bundled\libs\debugpy\_vendored\pydevd\_pydevd_bundle\pydevd_runpy.py", line 124, in _run_code
    exec(code, run_globals)
         │     └ {'__name__': '__main__', '__doc__': None, '__package__': '', '__loader__': None, '__spec__': None, '__file__': 'c:\\Users\\hp...
         └ <code object <module> at 0x00000225DDDD0F40, file "c:\Users\hp\Documents\CODE\twitter_spotter_v4\main.py", line 1>

  File "c:\Users\hp\Documents\CODE\twitter_spotter_v4\main.py", line 169, in <module>
    asyncio.run(run_periodically())
    │       │   └ <function run_periodically at 0x00000225E3839D00>
    │       └ <function run at 0x00000225DD7A0680>
    └ <module 'asyncio' from 'c:\\Users\\hp\\.conda\\envs\\twitter_bot\\Lib\\asyncio\\__init__.py'>

  File "c:\Users\hp\.conda\envs\twitter_bot\Lib\asyncio\runners.py", line 194, in run
    return runner.run(main)
           │      │   └ <coroutine object run_periodically at 0x00000225E3850200>
           │      └ <function Runner.run at 0x00000225E0E0CEA0>
           └ <asyncio.runners.Runner object at 0x00000225E344E540>
  File "c:\Users\hp\.conda\envs\twitter_bot\Lib\asyncio\runners.py", line 118, in run
    return self._loop.run_until_complete(task)
           │    │     │                  └ <Task pending name='Task-1' coro=<run_periodically() running at c:\Users\hp\Documents\CODE\twitter_spotter_v4\main.py:162> wa...
           │    │     └ <function BaseEventLoop.run_until_complete at 0x00000225E0E0A980>
           │    └ <ProactorEventLoop running=True closed=False debug=False>
           └ <asyncio.runners.Runner object at 0x00000225E344E540>
  File "c:\Users\hp\.conda\envs\twitter_bot\Lib\asyncio\base_events.py", line 673, in run_until_complete
    self.run_forever()
    │    └ <function ProactorEventLoop.run_forever at 0x00000225E0E940E0>
    └ <ProactorEventLoop running=True closed=False debug=False>
  File "c:\Users\hp\.conda\envs\twitter_bot\Lib\asyncio\windows_events.py", line 322, in run_forever
    super().run_forever()
  File "c:\Users\hp\.conda\envs\twitter_bot\Lib\asyncio\base_events.py", line 640, in run_forever
    self._run_once()
    │    └ <function BaseEventLoop._run_once at 0x00000225E0E0C720>
    └ <ProactorEventLoop running=True closed=False debug=False>
  File "c:\Users\hp\.conda\envs\twitter_bot\Lib\asyncio\base_events.py", line 1992, in _run_once
    handle._run()
    │      └ <function Handle._run at 0x00000225E0528900>
    └ <Handle <_asyncio.TaskStepMethWrapper object at 0x00000225E37D1F30>()>
  File "c:\Users\hp\.conda\envs\twitter_bot\Lib\asyncio\events.py", line 88, in _run
    self._context.run(self._callback, *self._args)
    │    │            │    │           │    └ <member '_args' of 'Handle' objects>
    │    │            │    │           └ <Handle <_asyncio.TaskStepMethWrapper object at 0x00000225E37D1F30>()>
    │    │            │    └ <member '_callback' of 'Handle' objects>
    │    │            └ <Handle <_asyncio.TaskStepMethWrapper object at 0x00000225E37D1F30>()>
    │    └ <member '_context' of 'Handle' objects>
    └ <Handle <_asyncio.TaskStepMethWrapper object at 0x00000225E37D1F30>()>

> File "c:\Users\hp\Documents\CODE\twitter_spotter_v4\socials\telegram.py", line 113, in send_message_task
    await send_flight_update(chat_id, flight_data, image_path)
          │                  │        │            └ 'socials/temp_image.jpg'
          │                  │        └ {'flight_name': 'RYR4TP', 'flight_name_iata': 'FR 2514', 'registration': 'EI-IKH', 'aircraft_name': 'Boeing 737 MAX 8', 'airc...
          │                  └ '-1002116996158'
          └ <function send_flight_update at 0x00000225E37E0B80>

  File "c:\Users\hp\Documents\CODE\twitter_spotter_v4\socials\telegram.py", line 42, in send_flight_update
    await application.bot.send_photo(
          │           │   └ <function ExtBot.send_photo at 0x00000225E30E6340>
          │           └ ExtBot[token=6572961963:AAE29B4HnmR17HTllBAmKK02ecIwav6WQmk]
          └ Application[bot=ExtBot[token=6572961963:AAE29B4HnmR17HTllBAmKK02ecIwav6WQmk]]

TypeError: ExtBot.send_photo() got an unexpected keyword argument 'disable_web_page_preview'
2025-02-15 11:53:45.017 | ERROR    | utils.data_processing:process_flight_data_adb:44 - Failed to parse scheduled time: 'revisedTime'
2025-02-15 11:53:53.458 | WARNING  | socials.telegram:send_message_task:103 - Scheduled time for flight RYR4TP is in the past, sending immediately
2025-02-15 11:53:53.468 | ERROR    | socials.telegram:send_flight_update:82 - Failed to send Telegram message for flight RYR4TP: ExtBot.send_photo() got an unexpected keyword argument 'disable_web_page_preview'
2025-02-15 11:53:53.471 | ERROR    | socials.telegram:send_message_task:115 - Failed to send Telegram message for flight RYR4TP: ExtBot.send_photo() got an unexpected keyword argument 'disable_web_page_preview'
2025-02-15 11:53:53.472 | ERROR    | socials.telegram:send_message_task:116 - Exception details:ExtBot.send_photo() got an unexpected keyword argument 'disable_web_page_preview'
Traceback (most recent call last):

  File "c:\Users\hp\.conda\envs\twitter_bot\Lib\runpy.py", line 198, in _run_module_as_main
    return _run_code(code, main_globals, None,
           │         │     └ {'__name__': '__main__', '__doc__': None, '__package__': '', '__loader__': <_frozen_importlib_external.SourceFileLoader objec...
           │         └ <code object <module> at 0x0000016993CF5610, file "c:\Users\hp\.cursor\extensions\ms-python.debugpy-2024.6.0-win32-x64\bundle...
           └ <function _run_code at 0x0000016993D16700>
  File "c:\Users\hp\.conda\envs\twitter_bot\Lib\runpy.py", line 88, in _run_code
    exec(code, run_globals)
         │     └ {'__name__': '__main__', '__doc__': None, '__package__': '', '__loader__': <_frozen_importlib_external.SourceFileLoader objec...
         └ <code object <module> at 0x0000016993CF5610, file "c:\Users\hp\.cursor\extensions\ms-python.debugpy-2024.6.0-win32-x64\bundle...

  File "c:\Users\hp\.cursor\extensions\ms-python.debugpy-2024.6.0-win32-x64\bundled\libs\debugpy\adapter/../..\debugpy\launcher/../..\debugpy\__main__.py", line 39, in <module>
    cli.main()
    │   └ <function main at 0x00000169965D7600>
    └ <module 'debugpy.server.cli' from 'c:\\Users\\hp\\.cursor\\extensions\\ms-python.debugpy-2024.6.0-win32-x64\\bundled\\libs\\d...

  File "c:\Users\hp\.cursor\extensions\ms-python.debugpy-2024.6.0-win32-x64\bundled\libs\debugpy\adapter/../..\debugpy\launcher/../..\debugpy/..\debugpy\server\cli.py", line 430, in main
    run()
    └ <function run_file at 0x00000169965D7380>

  File "c:\Users\hp\.cursor\extensions\ms-python.debugpy-2024.6.0-win32-x64\bundled\libs\debugpy\adapter/../..\debugpy\launcher/../..\debugpy/..\debugpy\server\cli.py", line 284, in run_file
    runpy.run_path(target, run_name="__main__")
    │     │        └ 'c:\\Users\\hp\\Documents\\CODE\\twitter_spotter_v4\\main.py'
    │     └ <function run_path at 0x0000016996206200>
    └ <module '_pydevd_bundle.pydevd_runpy' from 'c:\\Users\\hp\\.cursor\\extensions\\ms-python.debugpy-2024.6.0-win32-x64\\bundled...

  File "c:\Users\hp\.cursor\extensions\ms-python.debugpy-2024.6.0-win32-x64\bundled\libs\debugpy\_vendored\pydevd\_pydevd_bundle\pydevd_runpy.py", line 321, in run_path
    return _run_module_code(code, init_globals, run_name,
           │                │     │             └ '__main__'
           │                │     └ None
           │                └ <code object <module> at 0x0000016993FC1040, file "c:\Users\hp\Documents\CODE\twitter_spotter_v4\main.py", line 1>
           └ <function _run_module_code at 0x0000016996205E40>

  File "c:\Users\hp\.cursor\extensions\ms-python.debugpy-2024.6.0-win32-x64\bundled\libs\debugpy\_vendored\pydevd\_pydevd_bundle\pydevd_runpy.py", line 135, in _run_module_code
    _run_code(code, mod_globals, init_globals,
    │         │     │            └ None
    │         │     └ {'__name__': '__main__', '__doc__': None, '__package__': '', '__loader__': None, '__spec__': None, '__file__': 'c:\\Users\\hp...
    │         └ <code object <module> at 0x0000016993FC1040, file "c:\Users\hp\Documents\CODE\twitter_spotter_v4\main.py", line 1>
    └ <function _run_code at 0x00000169962059E0>

  File "c:\Users\hp\.cursor\extensions\ms-python.debugpy-2024.6.0-win32-x64\bundled\libs\debugpy\_vendored\pydevd\_pydevd_bundle\pydevd_runpy.py", line 124, in _run_code
    exec(code, run_globals)
         │     └ {'__name__': '__main__', '__doc__': None, '__package__': '', '__loader__': None, '__spec__': None, '__file__': 'c:\\Users\\hp...
         └ <code object <module> at 0x0000016993FC1040, file "c:\Users\hp\Documents\CODE\twitter_spotter_v4\main.py", line 1>

  File "c:\Users\hp\Documents\CODE\twitter_spotter_v4\main.py", line 169, in <module>
    asyncio.run(run_periodically())
    │       │   └ <function run_periodically at 0x0000016999AA9DA0>
    │       └ <function run at 0x00000169939D0680>
    └ <module 'asyncio' from 'c:\\Users\\hp\\.conda\\envs\\twitter_bot\\Lib\\asyncio\\__init__.py'>

  File "c:\Users\hp\.conda\envs\twitter_bot\Lib\asyncio\runners.py", line 194, in run
    return runner.run(main)
           │      │   └ <coroutine object run_periodically at 0x0000016999AC0200>
           │      └ <function Runner.run at 0x00000169970BCEA0>
           └ <asyncio.runners.Runner object at 0x0000016999AB86B0>
  File "c:\Users\hp\.conda\envs\twitter_bot\Lib\asyncio\runners.py", line 118, in run
    return self._loop.run_until_complete(task)
           │    │     │                  └ <Task pending name='Task-1' coro=<run_periodically() running at c:\Users\hp\Documents\CODE\twitter_spotter_v4\main.py:162> wa...
           │    │     └ <function BaseEventLoop.run_until_complete at 0x00000169970BA980>
           │    └ <ProactorEventLoop running=True closed=False debug=False>
           └ <asyncio.runners.Runner object at 0x0000016999AB86B0>
  File "c:\Users\hp\.conda\envs\twitter_bot\Lib\asyncio\base_events.py", line 673, in run_until_complete
    self.run_forever()
    │    └ <function ProactorEventLoop.run_forever at 0x00000169971440E0>
    └ <ProactorEventLoop running=True closed=False debug=False>
  File "c:\Users\hp\.conda\envs\twitter_bot\Lib\asyncio\windows_events.py", line 322, in run_forever
    super().run_forever()
  File "c:\Users\hp\.conda\envs\twitter_bot\Lib\asyncio\base_events.py", line 640, in run_forever
    self._run_once()
    │    └ <function BaseEventLoop._run_once at 0x00000169970BC720>
    └ <ProactorEventLoop running=True closed=False debug=False>
  File "c:\Users\hp\.conda\envs\twitter_bot\Lib\asyncio\base_events.py", line 1992, in _run_once
    handle._run()
    │      └ <function Handle._run at 0x0000016996798900>
    └ <Handle <_asyncio.TaskStepMethWrapper object at 0x0000016999B18CD0>()>
  File "c:\Users\hp\.conda\envs\twitter_bot\Lib\asyncio\events.py", line 88, in _run
    self._context.run(self._callback, *self._args)
    │    │            │    │           │    └ <member '_args' of 'Handle' objects>
    │    │            │    │           └ <Handle <_asyncio.TaskStepMethWrapper object at 0x0000016999B18CD0>()>
    │    │            │    └ <member '_callback' of 'Handle' objects>
    │    │            └ <Handle <_asyncio.TaskStepMethWrapper object at 0x0000016999B18CD0>()>
    │    └ <member '_context' of 'Handle' objects>
    └ <Handle <_asyncio.TaskStepMethWrapper object at 0x0000016999B18CD0>()>

> File "c:\Users\hp\Documents\CODE\twitter_spotter_v4\socials\telegram.py", line 113, in send_message_task
    await send_flight_update(chat_id, flight_data, image_path)
          │                  │        │            └ 'socials/temp_image.jpg'
          │                  │        └ {'flight_name': 'RYR4TP', 'flight_name_iata': 'FR 2514', 'registration': 'EI-IKH', 'aircraft_name': 'Boeing 737 MAX 8', 'airc...
          │                  └ '-1002116996158'
          └ <function send_flight_update at 0x0000016999A50C20>

  File "c:\Users\hp\Documents\CODE\twitter_spotter_v4\socials\telegram.py", line 42, in send_flight_update
    await application.bot.send_photo(
          │           │   └ <function ExtBot.send_photo at 0x00000169993563E0>
          │           └ ExtBot[token=6572961963:AAE29B4HnmR17HTllBAmKK02ecIwav6WQmk]
          └ Application[bot=ExtBot[token=6572961963:AAE29B4HnmR17HTllBAmKK02ecIwav6WQmk]]

TypeError: ExtBot.send_photo() got an unexpected keyword argument 'disable_web_page_preview'
2025-02-15 11:53:53.560 | WARNING  | socials.telegram:send_message_task:103 - Scheduled time for flight null is in the past, sending immediately
2025-02-15 11:53:53.561 | WARNING  | socials.telegram:send_flight_update:56 - No valid image file found at None, sending text only
2025-02-15 11:53:54.723 | WARNING  | socials.telegram:send_message_task:103 - Scheduled time for flight null is in the past, sending immediately
2025-02-15 11:53:54.724 | WARNING  | socials.telegram:send_flight_update:56 - No valid image file found at None, sending text only
2025-02-15 12:01:22.863 | ERROR    | utils.data_processing:process_flight_data_adb:44 - Failed to parse scheduled time: 'revisedTime'
2025-02-15 12:01:34.415 | WARNING  | socials.telegram:send_message_task:103 - Scheduled time for flight FR 2514 is in the past, sending immediately
2025-02-15 12:01:41.431 | WARNING  | socials.telegram:send_message_task:103 - Scheduled time for flight QR 149 is in the past, sending immediately
2025-02-15 12:01:41.433 | WARNING  | socials.telegram:send_flight_update:56 - No valid image file found at None, sending text only
2025-02-15 12:01:41.640 | WARNING  | socials.telegram:send_message_task:103 - Scheduled time for flight FR 5994 is in the past, sending immediately
2025-02-15 12:01:41.641 | WARNING  | socials.telegram:send_flight_update:56 - No valid image file found at None, sending text only
2025-02-15 12:01:49.089 | WARNING  | socials.telegram:send_message_task:103 - Scheduled time for flight FR5994 is in the past, sending immediately
2025-02-15 12:01:50.837 | WARNING  | socials.telegram:send_message_task:103 - Scheduled time for flight FR 9602 is in the past, sending immediately
2025-02-15 12:01:50.838 | WARNING  | socials.telegram:send_flight_update:56 - No valid image file found at None, sending text only
2025-02-15 12:01:51.163 | WARNING  | socials.telegram:send_message_task:103 - Scheduled time for flight FR 3186 is in the past, sending immediately
2025-02-15 12:01:51.165 | WARNING  | socials.telegram:send_flight_update:56 - No valid image file found at None, sending text only
2025-02-15 12:01:51.365 | WARNING  | socials.telegram:send_message_task:103 - Scheduled time for flight EK 142 is in the past, sending immediately
2025-02-15 12:01:51.368 | WARNING  | socials.telegram:send_flight_update:56 - No valid image file found at None, sending text only
2025-02-15 12:01:51.557 | WARNING  | socials.telegram:send_message_task:103 - Scheduled time for flight FR1329 is in the past, sending immediately
2025-02-15 12:01:51.559 | WARNING  | socials.telegram:send_flight_update:56 - No valid image file found at None, sending text only
2025-02-15 12:01:51.704 | WARNING  | socials.telegram:send_message_task:103 - Scheduled time for flight FR3186 is in the past, sending immediately
2025-02-15 12:01:51.706 | WARNING  | socials.telegram:send_flight_update:56 - No valid image file found at None, sending text only
2025-02-15 12:02:03.255 | WARNING  | socials.telegram:send_message_task:103 - Scheduled time for flight EK142 is in the past, sending immediately
2025-02-15 12:02:05.529 | WARNING  | socials.telegram:send_message_task:103 - Scheduled time for flight FR2775 is in the past, sending immediately
2025-02-15 12:02:05.530 | WARNING  | socials.telegram:send_flight_update:56 - No valid image file found at None, sending text only
2025-02-15 12:02:05.803 | WARNING  | socials.telegram:send_message_task:103 - Scheduled time for flight QR150 is in the past, sending immediately
2025-02-15 12:02:05.804 | WARNING  | socials.telegram:send_flight_update:56 - No valid image file found at None, sending text only
2025-02-15 12:02:58.459 | ERROR    | utils.data_processing:process_flight_data_adb:44 - Failed to parse scheduled time: 'revisedTime'
2025-02-15 12:03:12.897 | WARNING  | socials.telegram:send_message_task:103 - Scheduled time for flight FR 2514 is in the past, sending immediately
2025-02-15 12:03:32.228 | WARNING  | socials.telegram:send_message_task:103 - Scheduled time for flight QR 149 is in the past, sending immediately
2025-02-15 12:03:32.230 | WARNING  | socials.telegram:send_flight_update:56 - No valid image file found at None, sending text only
2025-02-15 12:03:32.593 | WARNING  | socials.telegram:send_message_task:103 - Scheduled time for flight FR 5994 is in the past, sending immediately
2025-02-15 12:03:32.596 | WARNING  | socials.telegram:send_flight_update:56 - No valid image file found at None, sending text only
2025-02-15 12:03:38.621 | WARNING  | socials.telegram:send_message_task:103 - Scheduled time for flight FR5994 is in the past, sending immediately
2025-02-15 12:03:39.710 | WARNING  | socials.telegram:send_message_task:103 - Scheduled time for flight FR 9602 is in the past, sending immediately
2025-02-15 12:03:39.711 | WARNING  | socials.telegram:send_flight_update:56 - No valid image file found at None, sending text only
2025-02-15 12:03:39.957 | WARNING  | socials.telegram:send_message_task:103 - Scheduled time for flight FR 3186 is in the past, sending immediately
2025-02-15 12:03:39.959 | WARNING  | socials.telegram:send_flight_update:56 - No valid image file found at None, sending text only
2025-02-15 12:03:40.144 | WARNING  | socials.telegram:send_message_task:103 - Scheduled time for flight EK 142 is in the past, sending immediately
2025-02-15 12:03:40.145 | WARNING  | socials.telegram:send_flight_update:56 - No valid image file found at None, sending text only
2025-02-15 12:03:40.357 | WARNING  | socials.telegram:send_message_task:103 - Scheduled time for flight FR1329 is in the past, sending immediately
2025-02-15 12:03:40.357 | WARNING  | socials.telegram:send_flight_update:56 - No valid image file found at None, sending text only
2025-02-15 12:03:40.530 | WARNING  | socials.telegram:send_message_task:103 - Scheduled time for flight FR3186 is in the past, sending immediately
2025-02-15 12:03:40.530 | WARNING  | socials.telegram:send_flight_update:56 - No valid image file found at None, sending text only
2025-02-15 12:03:50.534 | WARNING  | socials.telegram:send_message_task:103 - Scheduled time for flight EK142 is in the past, sending immediately
2025-02-15 12:03:52.071 | WARNING  | socials.telegram:send_message_task:103 - Scheduled time for flight FR2775 is in the past, sending immediately
2025-02-15 12:03:52.071 | WARNING  | socials.telegram:send_flight_update:56 - No valid image file found at None, sending text only
2025-02-15 12:03:52.294 | WARNING  | socials.telegram:send_message_task:103 - Scheduled time for flight QR150 is in the past, sending immediately
2025-02-15 12:03:52.295 | WARNING  | socials.telegram:send_flight_update:56 - No valid image file found at None, sending text only
2026-02-11 08:25:58.222 | ERROR    | utils.data_processing:process_flight_data_adb:90 - Failed to parse scheduled time: 'revisedTime'
2026-02-11 08:26:03.487 | ERROR    | utils.image_finder:get_first_image_url_jp:69 - Failed: HTTP 403
2026-02-11 08:26:07.297 | WARNING  | utils.image_finder:get_first_image_url_pp:134 - PP No image found.
2026-02-11 08:26:07.319 | WARNING  | socials.telegram:send_message_task:470 - Scheduled time for flight FR 689 is in the past, sending immediately
2026-02-11 08:26:12.315 | ERROR    | utils.image_finder:get_first_image_url_jp:69 - Failed: HTTP 403
2026-02-11 08:26:15.773 | WARNING  | utils.image_finder:get_first_image_url_pp:134 - PP No image found.
2026-02-11 08:26:15.796 | WARNING  | socials.telegram:send_message_task:470 - Scheduled time for flight LH 1112 is in the past, sending immediately
2026-02-11 08:26:21.220 | WARNING  | socials.telegram:send_message_task:470 - Scheduled time for flight UX 1040 is in the past, sending immediately
